{"/home/travis/build/npmtest/node-npmtest-git-changelog/test.js":{"path":"/home/travis/build/npmtest/node-npmtest-git-changelog/test.js","s":{"1":2,"2":2,"3":2,"4":2,"5":2,"6":2,"7":2,"8":1,"9":2,"10":2,"11":1,"12":1,"13":1,"14":1,"15":2,"16":2,"17":2,"18":2,"19":1,"20":1,"21":2,"22":2,"23":2,"24":1,"25":1,"26":1,"27":1,"28":1,"29":1,"30":1,"31":1,"32":1,"33":1,"34":1,"35":1,"36":1,"37":1,"38":1,"39":2,"40":2,"41":1,"42":2,"43":2,"44":1,"45":2,"46":2,"47":1,"48":2,"49":2,"50":1,"51":1,"52":1,"53":1,"54":1},"b":{"1":[2,1,1,1],"2":[1,1,1,1],"3":[1,1],"4":[1,1],"5":[1,1],"6":[1,1],"7":[1,1],"8":[1,1],"9":[1,1],"10":[1,1,1],"11":[1,1],"12":[1,1],"13":[1,1],"14":[1,1],"15":[1,1],"16":[1,1],"17":[1,1]},"f":{"1":2,"2":2,"3":2,"4":2,"5":2,"6":1,"7":1,"8":1,"9":2,"10":2,"11":2,"12":2,"13":1},"fnMap":{"1":{"name":"(anonymous_1)","line":12,"loc":{"start":{"line":12,"column":1},"end":{"line":12,"column":13}}},"2":{"name":"(anonymous_2)","line":19,"loc":{"start":{"line":19,"column":5},"end":{"line":19,"column":17}}},"3":{"name":"(anonymous_3)","line":23,"loc":{"start":{"line":23,"column":24},"end":{"line":23,"column":36}}},"4":{"name":"(anonymous_4)","line":61,"loc":{"start":{"line":61,"column":5},"end":{"line":61,"column":17}}},"5":{"name":"(anonymous_5)","line":82,"loc":{"start":{"line":82,"column":5},"end":{"line":82,"column":17}}},"6":{"name":"(anonymous_6)","line":91,"loc":{"start":{"line":91,"column":77},"end":{"line":94,"column":10}}},"7":{"name":"(anonymous_7)","line":112,"loc":{"start":{"line":112,"column":83},"end":{"line":115,"column":10}},"skip":true},"8":{"name":"(anonymous_8)","line":123,"loc":{"start":{"line":123,"column":77},"end":{"line":126,"column":10}},"skip":true},"9":{"name":"(anonymous_9)","line":139,"loc":{"start":{"line":139,"column":12},"end":{"line":139,"column":40}},"skip":true},"10":{"name":"(anonymous_10)","line":147,"loc":{"start":{"line":147,"column":77},"end":{"line":150,"column":10}},"skip":true},"11":{"name":"(anonymous_11)","line":158,"loc":{"start":{"line":158,"column":83},"end":{"line":161,"column":10}},"skip":true},"12":{"name":"(anonymous_12)","line":169,"loc":{"start":{"line":169,"column":79},"end":{"line":172,"column":10}},"skip":true},"13":{"name":"(anonymous_13)","line":180,"loc":{"start":{"line":180,"column":75},"end":{"line":183,"column":10}},"skip":true}},"statementMap":{"1":{"start":{"line":12,"column":0},"end":{"line":195,"column":5}},"2":{"start":{"line":14,"column":4},"end":{"line":14,"column":14}},"3":{"start":{"line":19,"column":4},"end":{"line":56,"column":9}},"4":{"start":{"line":21,"column":8},"end":{"line":21,"column":19}},"5":{"start":{"line":23,"column":8},"end":{"line":35,"column":13}},"6":{"start":{"line":24,"column":12},"end":{"line":34,"column":13}},"7":{"start":{"line":25,"column":16},"end":{"line":28,"column":30}},"8":{"start":{"line":30,"column":16},"end":{"line":33,"column":27}},"9":{"start":{"line":37,"column":8},"end":{"line":39,"column":21}},"10":{"start":{"line":40,"column":8},"end":{"line":53,"column":9}},"11":{"start":{"line":43,"column":12},"end":{"line":46,"column":14}},"12":{"start":{"line":47,"column":12},"end":{"line":47,"column":18}},"13":{"start":{"line":50,"column":12},"end":{"line":51,"column":46}},"14":{"start":{"line":52,"column":12},"end":{"line":52,"column":18}},"15":{"start":{"line":55,"column":8},"end":{"line":55,"column":35}},"16":{"start":{"line":61,"column":4},"end":{"line":63,"column":9}},"17":{"start":{"line":62,"column":8},"end":{"line":62,"column":15}},"18":{"start":{"line":64,"column":4},"end":{"line":77,"column":5}},"19":{"start":{"line":70,"column":8},"end":{"line":70,"column":14}},"20":{"start":{"line":76,"column":8},"end":{"line":76,"column":14}},"21":{"start":{"line":82,"column":4},"end":{"line":84,"column":9}},"22":{"start":{"line":83,"column":8},"end":{"line":83,"column":15}},"23":{"start":{"line":85,"column":4},"end":{"line":194,"column":5}},"24":{"start":{"line":91,"column":8},"end":{"line":99,"column":10}},"25":{"start":{"line":98,"column":12},"end":{"line":98,"column":35}},"26":{"start":{"line":102,"column":8},"end":{"line":104,"column":63}},"27":{"start":{"line":105,"column":8},"end":{"line":105,"column":14}},"28":{"start":{"line":112,"column":8},"end":{"line":121,"column":10},"skip":true},"29":{"start":{"line":119,"column":12},"end":{"line":119,"column":55},"skip":true},"30":{"start":{"line":120,"column":12},"end":{"line":120,"column":48},"skip":true},"31":{"start":{"line":123,"column":8},"end":{"line":136,"column":10},"skip":true},"32":{"start":{"line":130,"column":12},"end":{"line":130,"column":76},"skip":true},"33":{"start":{"line":131,"column":12},"end":{"line":131,"column":73},"skip":true},"34":{"start":{"line":132,"column":12},"end":{"line":132,"column":74},"skip":true},"35":{"start":{"line":133,"column":12},"end":{"line":133,"column":79},"skip":true},"36":{"start":{"line":134,"column":12},"end":{"line":134,"column":25},"skip":true},"37":{"start":{"line":135,"column":12},"end":{"line":135,"column":45},"skip":true},"38":{"start":{"line":138,"column":8},"end":{"line":145,"column":14},"skip":true},"39":{"start":{"line":143,"column":16},"end":{"line":143,"column":29},"skip":true},"40":{"start":{"line":144,"column":16},"end":{"line":144,"column":55},"skip":true},"41":{"start":{"line":147,"column":8},"end":{"line":156,"column":10},"skip":true},"42":{"start":{"line":154,"column":12},"end":{"line":154,"column":25},"skip":true},"43":{"start":{"line":155,"column":12},"end":{"line":155,"column":45},"skip":true},"44":{"start":{"line":158,"column":8},"end":{"line":167,"column":10},"skip":true},"45":{"start":{"line":165,"column":12},"end":{"line":165,"column":25},"skip":true},"46":{"start":{"line":166,"column":12},"end":{"line":166,"column":48},"skip":true},"47":{"start":{"line":169,"column":8},"end":{"line":178,"column":10},"skip":true},"48":{"start":{"line":176,"column":12},"end":{"line":176,"column":25},"skip":true},"49":{"start":{"line":177,"column":12},"end":{"line":177,"column":46},"skip":true},"50":{"start":{"line":180,"column":8},"end":{"line":189,"column":10},"skip":true},"51":{"start":{"line":187,"column":12},"end":{"line":187,"column":94},"skip":true},"52":{"start":{"line":188,"column":12},"end":{"line":188,"column":48},"skip":true},"53":{"start":{"line":192,"column":8},"end":{"line":192,"column":35},"skip":true},"54":{"start":{"line":193,"column":8},"end":{"line":193,"column":14},"skip":true}},"branchMap":{"1":{"line":25,"type":"binary-expr","locations":[{"start":{"line":25,"column":23},"end":{"line":25,"column":62}},{"start":{"line":26,"column":20},"end":{"line":26,"column":70}},{"start":{"line":27,"column":20},"end":{"line":27,"column":71}},{"start":{"line":28,"column":20},"end":{"line":28,"column":29}}]},"2":{"line":30,"type":"binary-expr","locations":[{"start":{"line":30,"column":23},"end":{"line":30,"column":37}},{"start":{"line":31,"column":20},"end":{"line":31,"column":61}},{"start":{"line":32,"column":20},"end":{"line":32,"column":70}},{"start":{"line":33,"column":20},"end":{"line":33,"column":26}}]},"3":{"line":37,"type":"cond-expr","locations":[{"start":{"line":38,"column":14},"end":{"line":38,"column":20}},{"start":{"line":39,"column":14},"end":{"line":39,"column":20}}]},"4":{"line":40,"type":"switch","locations":[{"start":{"line":42,"column":8},"end":{"line":47,"column":18}},{"start":{"line":49,"column":8},"end":{"line":52,"column":18}}]},"5":{"line":44,"type":"binary-expr","locations":[{"start":{"line":44,"column":16},"end":{"line":44,"column":44}},{"start":{"line":44,"column":48},"end":{"line":44,"column":66}}]},"6":{"line":50,"type":"binary-expr","locations":[{"start":{"line":50,"column":21},"end":{"line":50,"column":49}},{"start":{"line":50,"column":53},"end":{"line":50,"column":72}}]},"7":{"line":64,"type":"switch","locations":[{"start":{"line":69,"column":4},"end":{"line":70,"column":14}},{"start":{"line":75,"column":4},"end":{"line":76,"column":14}}]},"8":{"line":85,"type":"switch","locations":[{"start":{"line":90,"column":4},"end":{"line":105,"column":14}},{"start":{"line":111,"column":4},"end":{"line":193,"column":14},"skip":true}]},"9":{"line":91,"type":"binary-expr","locations":[{"start":{"line":91,"column":42},"end":{"line":91,"column":73}},{"start":{"line":91,"column":77},"end":{"line":99,"column":9}}]},"10":{"line":102,"type":"binary-expr","locations":[{"start":{"line":102,"column":18},"end":{"line":102,"column":32}},{"start":{"line":103,"column":12},"end":{"line":103,"column":53}},{"start":{"line":104,"column":12},"end":{"line":104,"column":61}}]},"11":{"line":112,"type":"binary-expr","locations":[{"start":{"line":112,"column":45},"end":{"line":112,"column":79},"skip":true},{"start":{"line":112,"column":83},"end":{"line":121,"column":9},"skip":true}]},"12":{"line":123,"type":"binary-expr","locations":[{"start":{"line":123,"column":42},"end":{"line":123,"column":73},"skip":true},{"start":{"line":123,"column":77},"end":{"line":136,"column":9},"skip":true}]},"13":{"line":138,"type":"binary-expr","locations":[{"start":{"line":138,"column":48},"end":{"line":138,"column":85},"skip":true},{"start":{"line":139,"column":12},"end":{"line":145,"column":13},"skip":true}]},"14":{"line":147,"type":"binary-expr","locations":[{"start":{"line":147,"column":42},"end":{"line":147,"column":73},"skip":true},{"start":{"line":147,"column":77},"end":{"line":156,"column":9},"skip":true}]},"15":{"line":158,"type":"binary-expr","locations":[{"start":{"line":158,"column":45},"end":{"line":158,"column":79},"skip":true},{"start":{"line":158,"column":83},"end":{"line":167,"column":9},"skip":true}]},"16":{"line":169,"type":"binary-expr","locations":[{"start":{"line":169,"column":43},"end":{"line":169,"column":75},"skip":true},{"start":{"line":169,"column":79},"end":{"line":178,"column":9},"skip":true}]},"17":{"line":180,"type":"binary-expr","locations":[{"start":{"line":180,"column":41},"end":{"line":180,"column":71},"skip":true},{"start":{"line":180,"column":75},"end":{"line":189,"column":9},"skip":true}]}},"code":["/* istanbul instrument in package npmtest_git_changelog */","/*jslint","    bitwise: true,","    browser: true,","    maxerr: 8,","    maxlen: 96,","    node: true,","    nomen: true,","    regexp: true,","    stupid: true","*/","(function () {","    'use strict';","    var local;","","","","    // run shared js-env code - pre-init","    (function () {","        // init local","        local = {};","        // init modeJs","        local.modeJs = (function () {","            try {","                return typeof navigator.userAgent === 'string' &&","                    typeof document.querySelector('body') === 'object' &&","                    typeof XMLHttpRequest.prototype.open === 'function' &&","                    'browser';","            } catch (errorCaughtBrowser) {","                return module.exports &&","                    typeof process.versions.node === 'string' &&","                    typeof require('http').createServer === 'function' &&","                    'node';","            }","        }());","        // init global","        local.global = local.modeJs === 'browser'","            ? window","            : global;","        switch (local.modeJs) {","        // re-init local from window.local","        case 'browser':","            local = local.global.utility2.objectSetDefault(","                local.global.utility2_rollup || local.global.local,","                local.global.utility2","            );","            break;","        // re-init local from example.js","        case 'node':","            local = (local.global.utility2_rollup || require('utility2'))","                .requireExampleJsFromReadme();","            break;","        }","        // export local","        local.global.local = local;","    }());","","","","    // run shared js-env code - function","    (function () {","        return;","    }());","    switch (local.modeJs) {","","","","    // run browser js-env code - function","    case 'browser':","        break;","","","","    // run node js-env code - function","    case 'node':","        break;","    }","","","","    // run shared js-env code - post-init","    (function () {","        return;","    }());","    switch (local.modeJs) {","","","","    // run browser js-env code - post-init","    case 'browser':","        local.testCase_browser_nullCase = local.testCase_browser_nullCase || function (","            options,","            onError","        ) {","        /*","         * this function will test browsers's null-case handling-behavior-behavior","         */","            onError(null, options);","        };","","        // run tests","        local.nop(local.modeTest &&","            document.querySelector('#testRunButton1') &&","            document.querySelector('#testRunButton1').click());","        break;","","","","    // run node js-env code - post-init","    /* istanbul ignore next */","    case 'node':","        local.testCase_buildApidoc_default = local.testCase_buildApidoc_default || function (","            options,","            onError","        ) {","        /*","         * this function will test buildApidoc's default handling-behavior-behavior","         */","            options = { modulePathList: module.paths };","            local.buildApidoc(options, onError);","        };","","        local.testCase_buildApp_default = local.testCase_buildApp_default || function (","            options,","            onError","        ) {","        /*","         * this function will test buildApp's default handling-behavior-behavior","         */","            local.testCase_buildReadme_default(options, local.onErrorThrow);","            local.testCase_buildLib_default(options, local.onErrorThrow);","            local.testCase_buildTest_default(options, local.onErrorThrow);","            local.testCase_buildCustomOrg_default(options, local.onErrorThrow);","            options = [];","            local.buildApp(options, onError);","        };","","        local.testCase_buildCustomOrg_default = local.testCase_buildCustomOrg_default ||","            function (options, onError) {","            /*","             * this function will test buildCustomOrg's default handling-behavior","             */","                options = {};","                local.buildCustomOrg(options, onError);","            };","","        local.testCase_buildLib_default = local.testCase_buildLib_default || function (","            options,","            onError","        ) {","        /*","         * this function will test buildLib's default handling-behavior","         */","            options = {};","            local.buildLib(options, onError);","        };","","        local.testCase_buildReadme_default = local.testCase_buildReadme_default || function (","            options,","            onError","        ) {","        /*","         * this function will test buildReadme's default handling-behavior-behavior","         */","            options = {};","            local.buildReadme(options, onError);","        };","","        local.testCase_buildTest_default = local.testCase_buildTest_default || function (","            options,","            onError","        ) {","        /*","         * this function will test buildTest's default handling-behavior","         */","            options = {};","            local.buildTest(options, onError);","        };","","        local.testCase_webpage_default = local.testCase_webpage_default || function (","            options,","            onError","        ) {","        /*","         * this function will test webpage's default handling-behavior","         */","            options = { modeCoverageMerge: true, url: local.serverLocalHost + '?modeTest=1' };","            local.browserTest(options, onError);","        };","","        // run test-server","        local.testRunServer(local);","        break;","    }","}());",""],"l":{"12":2,"14":2,"19":2,"21":2,"23":2,"24":2,"25":2,"30":1,"37":2,"40":2,"43":1,"47":1,"50":1,"52":1,"55":2,"61":2,"62":2,"64":2,"70":1,"76":1,"82":2,"83":2,"85":2,"91":1,"98":1,"102":1,"105":1,"112":1,"119":1,"120":1,"123":1,"130":1,"131":1,"132":1,"133":1,"134":1,"135":1,"138":1,"143":2,"144":2,"147":1,"154":2,"155":2,"158":1,"165":2,"166":2,"169":1,"176":2,"177":2,"180":1,"187":1,"188":1,"192":1,"193":1}},"/home/travis/build/npmtest/node-npmtest-git-changelog/lib.npmtest_git_changelog.js":{"path":"/home/travis/build/npmtest/node-npmtest-git-changelog/lib.npmtest_git_changelog.js","s":{"1":2,"2":2,"3":2,"4":2,"5":2,"6":2,"7":2,"8":1,"9":2,"10":2,"11":2,"12":2,"13":1,"14":1,"15":1,"16":1},"b":{"1":[2,1,1,1],"2":[1,1,1,1],"3":[1,1],"4":[2,2],"5":[1,1]},"f":{"1":2,"2":2,"3":2},"fnMap":{"1":{"name":"(anonymous_1)","line":12,"loc":{"start":{"line":12,"column":1},"end":{"line":12,"column":13}}},"2":{"name":"(anonymous_2)","line":19,"loc":{"start":{"line":19,"column":5},"end":{"line":19,"column":17}}},"3":{"name":"(anonymous_3)","line":23,"loc":{"start":{"line":23,"column":24},"end":{"line":23,"column":36}}}},"statementMap":{"1":{"start":{"line":12,"column":0},"end":{"line":53,"column":5}},"2":{"start":{"line":14,"column":4},"end":{"line":14,"column":14}},"3":{"start":{"line":19,"column":4},"end":{"line":52,"column":9}},"4":{"start":{"line":21,"column":8},"end":{"line":21,"column":19}},"5":{"start":{"line":23,"column":8},"end":{"line":35,"column":13}},"6":{"start":{"line":24,"column":12},"end":{"line":34,"column":13}},"7":{"start":{"line":25,"column":16},"end":{"line":28,"column":30}},"8":{"start":{"line":30,"column":16},"end":{"line":33,"column":27}},"9":{"start":{"line":37,"column":8},"end":{"line":39,"column":21}},"10":{"start":{"line":41,"column":8},"end":{"line":41,"column":54}},"11":{"start":{"line":43,"column":8},"end":{"line":43,"column":58}},"12":{"start":{"line":45,"column":8},"end":{"line":51,"column":9}},"13":{"start":{"line":46,"column":12},"end":{"line":46,"column":64}},"14":{"start":{"line":48,"column":12},"end":{"line":48,"column":35}},"15":{"start":{"line":49,"column":12},"end":{"line":49,"column":49}},"16":{"start":{"line":50,"column":12},"end":{"line":50,"column":43}}},"branchMap":{"1":{"line":25,"type":"binary-expr","locations":[{"start":{"line":25,"column":23},"end":{"line":25,"column":62}},{"start":{"line":26,"column":20},"end":{"line":26,"column":70}},{"start":{"line":27,"column":20},"end":{"line":27,"column":71}},{"start":{"line":28,"column":20},"end":{"line":28,"column":29}}]},"2":{"line":30,"type":"binary-expr","locations":[{"start":{"line":30,"column":23},"end":{"line":30,"column":37}},{"start":{"line":31,"column":20},"end":{"line":31,"column":61}},{"start":{"line":32,"column":20},"end":{"line":32,"column":70}},{"start":{"line":33,"column":20},"end":{"line":33,"column":26}}]},"3":{"line":37,"type":"cond-expr","locations":[{"start":{"line":38,"column":14},"end":{"line":38,"column":20}},{"start":{"line":39,"column":14},"end":{"line":39,"column":20}}]},"4":{"line":41,"type":"binary-expr","locations":[{"start":{"line":41,"column":16},"end":{"line":41,"column":44}},{"start":{"line":41,"column":48},"end":{"line":41,"column":53}}]},"5":{"line":45,"type":"if","locations":[{"start":{"line":45,"column":8},"end":{"line":45,"column":8}},{"start":{"line":45,"column":8},"end":{"line":45,"column":8}}]}},"code":["/* istanbul instrument in package npmtest_git_changelog */","/*jslint","    bitwise: true,","    browser: true,","    maxerr: 8,","    maxlen: 96,","    node: true,","    nomen: true,","    regexp: true,","    stupid: true","*/","(function () {","    'use strict';","    var local;","","","","    // run shared js-env code - pre-init","    (function () {","        // init local","        local = {};","        // init modeJs","        local.modeJs = (function () {","            try {","                return typeof navigator.userAgent === 'string' &&","                    typeof document.querySelector('body') === 'object' &&","                    typeof XMLHttpRequest.prototype.open === 'function' &&","                    'browser';","            } catch (errorCaughtBrowser) {","                return module.exports &&","                    typeof process.versions.node === 'string' &&","                    typeof require('http').createServer === 'function' &&","                    'node';","            }","        }());","        // init global","        local.global = local.modeJs === 'browser'","            ? window","            : global;","        // init utility2_rollup","        local = local.global.utility2_rollup || local;","        // init lib","        local.local = local.npmtest_git_changelog = local;","        // init exports","        if (local.modeJs === 'browser') {","            local.global.utility2_npmtest_git_changelog = local;","        } else {","            module.exports = local;","            module.exports.__dirname = __dirname;","            module.exports.module = module;","        }","    }());","}());",""],"l":{"12":2,"14":2,"19":2,"21":2,"23":2,"24":2,"25":2,"30":1,"37":2,"41":2,"43":2,"45":2,"46":1,"48":1,"49":1,"50":1}},"/home/travis/build/npmtest/node-npmtest-git-changelog/example.js":{"path":"/home/travis/build/npmtest/node-npmtest-git-changelog/example.js","s":{"1":2,"2":2,"3":2,"4":2,"5":2,"6":2,"7":2,"8":1,"9":2,"10":2,"11":2,"12":2,"13":1,"14":2,"15":2,"16":2,"17":2,"18":2,"19":0,"20":2,"21":1,"22":1,"23":1,"24":1,"25":1,"26":0,"27":0,"28":1,"29":1,"30":2,"31":0,"32":0,"33":0,"34":1,"35":2,"36":2,"37":3,"38":3,"39":3,"40":3,"41":0,"42":3,"43":3,"44":3,"45":1,"46":3,"47":1,"48":1,"49":1,"50":1,"51":1,"52":1,"53":1,"54":1,"55":1,"56":1,"57":0,"58":1,"59":6,"60":6,"61":1,"62":2,"63":0,"64":2,"65":1,"66":1,"67":0,"68":0,"69":0,"70":0,"71":0,"72":0,"73":0,"74":0,"75":0,"76":0,"77":0,"78":0,"79":0,"80":0,"81":0,"82":0,"83":0},"b":{"1":[2,1,1,1],"2":[1,1,1,1],"3":[1,1],"4":[2,2],"5":[1,1],"6":[1,1],"7":[2,0],"8":[2,1,1,1,1,1],"9":[0,2,0],"10":[1,1],"11":[2,1,1],"12":[1,0],"13":[0,2],"14":[2,0,0,0,0,0,0],"15":[0,3],"16":[3,0],"17":[1,1],"18":[0,1],"19":[1,2,0,2],"20":[1,0],"21":[1,1],"22":[0,0],"23":[0,0],"24":[0,0],"25":[0,0],"26":[0,0],"27":[0,0],"28":[0,0]},"f":{"1":2,"2":2,"3":2,"4":2,"5":2,"6":2,"7":3,"8":3,"9":3,"10":1,"11":6,"12":0},"fnMap":{"1":{"name":"(anonymous_1)","line":26,"loc":{"start":{"line":26,"column":1},"end":{"line":26,"column":13}}},"2":{"name":"(anonymous_2)","line":33,"loc":{"start":{"line":33,"column":5},"end":{"line":33,"column":17}}},"3":{"name":"(anonymous_3)","line":37,"loc":{"start":{"line":37,"column":24},"end":{"line":37,"column":36}}},"4":{"name":"(anonymous_4)","line":69,"loc":{"start":{"line":69,"column":31},"end":{"line":69,"column":48}},"skip":true},"5":{"name":"(anonymous_5)","line":78,"loc":{"start":{"line":78,"column":26},"end":{"line":78,"column":45}},"skip":true},"6":{"name":"(anonymous_6)","line":123,"loc":{"start":{"line":123,"column":33},"end":{"line":123,"column":48}},"skip":true},"7":{"name":"(anonymous_7)","line":125,"loc":{"start":{"line":125,"column":27},"end":{"line":125,"column":39}},"skip":true},"8":{"name":"(anonymous_8)","line":133,"loc":{"start":{"line":133,"column":59},"end":{"line":133,"column":74}},"skip":true},"9":{"name":"(anonymous_9)","line":143,"loc":{"start":{"line":143,"column":45},"end":{"line":143,"column":62}},"skip":true},"10":{"name":"(anonymous_10)","line":144,"loc":{"start":{"line":144,"column":73},"end":{"line":144,"column":92}},"skip":true},"11":{"name":"(anonymous_11)","line":272,"loc":{"start":{"line":272,"column":51},"end":{"line":272,"column":77}},"skip":true},"12":{"name":"(anonymous_12)","line":315,"loc":{"start":{"line":315,"column":32},"end":{"line":315,"column":61}},"skip":true}},"statementMap":{"1":{"start":{"line":26,"column":0},"end":{"line":326,"column":5}},"2":{"start":{"line":28,"column":4},"end":{"line":28,"column":14}},"3":{"start":{"line":33,"column":4},"end":{"line":60,"column":9}},"4":{"start":{"line":35,"column":8},"end":{"line":35,"column":19}},"5":{"start":{"line":37,"column":8},"end":{"line":49,"column":13}},"6":{"start":{"line":38,"column":12},"end":{"line":48,"column":13}},"7":{"start":{"line":39,"column":16},"end":{"line":42,"column":30}},"8":{"start":{"line":44,"column":16},"end":{"line":47,"column":27}},"9":{"start":{"line":51,"column":8},"end":{"line":53,"column":21}},"10":{"start":{"line":55,"column":8},"end":{"line":57,"column":45}},"11":{"start":{"line":59,"column":8},"end":{"line":59,"column":35}},"12":{"start":{"line":61,"column":4},"end":{"line":325,"column":5}},"13":{"start":{"line":69,"column":8},"end":{"line":121,"column":10},"skip":true},"14":{"start":{"line":70,"column":12},"end":{"line":88,"column":13},"skip":true},"15":{"start":{"line":76,"column":16},"end":{"line":87,"column":19},"skip":true},"16":{"start":{"line":79,"column":20},"end":{"line":86,"column":21},"skip":true},"17":{"start":{"line":82,"column":24},"end":{"line":82,"column":43},"skip":true},"18":{"start":{"line":83,"column":24},"end":{"line":83,"column":30},"skip":true},"19":{"start":{"line":85,"column":24},"end":{"line":85,"column":49},"skip":true},"20":{"start":{"line":89,"column":12},"end":{"line":107,"column":13},"skip":true},"21":{"start":{"line":92,"column":16},"end":{"line":102,"column":17},"skip":true},"22":{"start":{"line":93,"column":20},"end":{"line":93,"column":86},"skip":true},"23":{"start":{"line":94,"column":20},"end":{"line":95,"column":45},"skip":true},"24":{"start":{"line":96,"column":20},"end":{"line":96,"column":42},"skip":true},"25":{"start":{"line":97,"column":20},"end":{"line":97,"column":48},"skip":true},"26":{"start":{"line":100,"column":20},"end":{"line":100,"column":85},"skip":true},"27":{"start":{"line":101,"column":20},"end":{"line":101,"column":96},"skip":true},"28":{"start":{"line":103,"column":16},"end":{"line":103,"column":22},"skip":true},"29":{"start":{"line":106,"column":16},"end":{"line":106,"column":22},"skip":true},"30":{"start":{"line":108,"column":12},"end":{"line":120,"column":13},"skip":true},"31":{"start":{"line":114,"column":16},"end":{"line":119,"column":17},"skip":true},"32":{"start":{"line":116,"column":20},"end":{"line":116,"column":78},"skip":true},"33":{"start":{"line":118,"column":20},"end":{"line":118,"column":47},"skip":true},"34":{"start":{"line":123,"column":8},"end":{"line":141,"column":11},"skip":true},"35":{"start":{"line":124,"column":12},"end":{"line":124,"column":54},"skip":true},"36":{"start":{"line":125,"column":12},"end":{"line":140,"column":14},"skip":true},"37":{"start":{"line":126,"column":16},"end":{"line":126,"column":28},"skip":true},"38":{"start":{"line":127,"column":16},"end":{"line":127,"column":69},"skip":true},"39":{"start":{"line":128,"column":16},"end":{"line":128,"column":75},"skip":true},"40":{"start":{"line":129,"column":16},"end":{"line":131,"column":17},"skip":true},"41":{"start":{"line":130,"column":20},"end":{"line":130,"column":27},"skip":true},"42":{"start":{"line":133,"column":16},"end":{"line":137,"column":36},"skip":true},"43":{"start":{"line":134,"column":20},"end":{"line":136,"column":55},"skip":true},"44":{"start":{"line":139,"column":16},"end":{"line":139,"column":57},"skip":true},"45":{"start":{"line":143,"column":8},"end":{"line":147,"column":11},"skip":true},"46":{"start":{"line":144,"column":12},"end":{"line":146,"column":15},"skip":true},"47":{"start":{"line":145,"column":16},"end":{"line":145,"column":70},"skip":true},"48":{"start":{"line":149,"column":8},"end":{"line":149,"column":31},"skip":true},"49":{"start":{"line":150,"column":8},"end":{"line":150,"column":14},"skip":true},"50":{"start":{"line":158,"column":8},"end":{"line":158,"column":31},"skip":true},"51":{"start":{"line":160,"column":8},"end":{"line":160,"column":33},"skip":true},"52":{"start":{"line":161,"column":8},"end":{"line":161,"column":37},"skip":true},"53":{"start":{"line":162,"column":8},"end":{"line":162,"column":35},"skip":true},"54":{"start":{"line":164,"column":8},"end":{"line":164,"column":50},"skip":true},"55":{"start":{"line":166,"column":8},"end":{"line":256,"column":2},"skip":true},"56":{"start":{"line":258,"column":8},"end":{"line":286,"column":9},"skip":true},"57":{"start":{"line":259,"column":12},"end":{"line":269,"column":14},"skip":true},"58":{"start":{"line":271,"column":12},"end":{"line":285,"column":19},"skip":true},"59":{"start":{"line":274,"column":20},"end":{"line":274,"column":35},"skip":true},"60":{"start":{"line":275,"column":20},"end":{"line":284,"column":21},"skip":true},"61":{"start":{"line":277,"column":24},"end":{"line":277,"column":64},"skip":true},"62":{"start":{"line":279,"column":24},"end":{"line":279,"column":40},"skip":true},"63":{"start":{"line":281,"column":24},"end":{"line":281,"column":40},"skip":true},"64":{"start":{"line":283,"column":24},"end":{"line":283,"column":39},"skip":true},"65":{"start":{"line":288,"column":8},"end":{"line":290,"column":9},"skip":true},"66":{"start":{"line":289,"column":12},"end":{"line":289,"column":18},"skip":true},"67":{"start":{"line":291,"column":8},"end":{"line":293,"column":54},"skip":true},"68":{"start":{"line":296,"column":8},"end":{"line":301,"column":37},"skip":true},"69":{"start":{"line":303,"column":8},"end":{"line":303,"column":82},"skip":true},"70":{"start":{"line":306,"column":8},"end":{"line":308,"column":9},"skip":true},"71":{"start":{"line":307,"column":12},"end":{"line":307,"column":82},"skip":true},"72":{"start":{"line":310,"column":8},"end":{"line":312,"column":9},"skip":true},"73":{"start":{"line":311,"column":12},"end":{"line":311,"column":18},"skip":true},"74":{"start":{"line":313,"column":8},"end":{"line":313,"column":54},"skip":true},"75":{"start":{"line":314,"column":8},"end":{"line":314,"column":69},"skip":true},"76":{"start":{"line":315,"column":8},"end":{"line":323,"column":36},"skip":true},"77":{"start":{"line":316,"column":12},"end":{"line":316,"column":61},"skip":true},"78":{"start":{"line":317,"column":12},"end":{"line":320,"column":13},"skip":true},"79":{"start":{"line":318,"column":16},"end":{"line":318,"column":75},"skip":true},"80":{"start":{"line":319,"column":16},"end":{"line":319,"column":23},"skip":true},"81":{"start":{"line":321,"column":12},"end":{"line":321,"column":38},"skip":true},"82":{"start":{"line":322,"column":12},"end":{"line":322,"column":27},"skip":true},"83":{"start":{"line":324,"column":8},"end":{"line":324,"column":14},"skip":true}},"branchMap":{"1":{"line":39,"type":"binary-expr","locations":[{"start":{"line":39,"column":23},"end":{"line":39,"column":62}},{"start":{"line":40,"column":20},"end":{"line":40,"column":70}},{"start":{"line":41,"column":20},"end":{"line":41,"column":71}},{"start":{"line":42,"column":20},"end":{"line":42,"column":29}}]},"2":{"line":44,"type":"binary-expr","locations":[{"start":{"line":44,"column":23},"end":{"line":44,"column":37}},{"start":{"line":45,"column":20},"end":{"line":45,"column":61}},{"start":{"line":46,"column":20},"end":{"line":46,"column":70}},{"start":{"line":47,"column":20},"end":{"line":47,"column":26}}]},"3":{"line":51,"type":"cond-expr","locations":[{"start":{"line":52,"column":14},"end":{"line":52,"column":20}},{"start":{"line":53,"column":14},"end":{"line":53,"column":20}}]},"4":{"line":55,"type":"binary-expr","locations":[{"start":{"line":55,"column":16},"end":{"line":55,"column":44}},{"start":{"line":55,"column":49},"end":{"line":57,"column":43}}]},"5":{"line":55,"type":"cond-expr","locations":[{"start":{"line":56,"column":14},"end":{"line":56,"column":57}},{"start":{"line":57,"column":14},"end":{"line":57,"column":43}}]},"6":{"line":61,"type":"switch","locations":[{"start":{"line":68,"column":4},"end":{"line":150,"column":14},"skip":true},{"start":{"line":156,"column":4},"end":{"line":324,"column":14},"skip":true}]},"7":{"line":70,"type":"if","locations":[{"start":{"line":70,"column":12},"end":{"line":70,"column":12},"skip":true},{"start":{"line":70,"column":12},"end":{"line":70,"column":12},"skip":true}]},"8":{"line":70,"type":"binary-expr","locations":[{"start":{"line":70,"column":16},"end":{"line":70,"column":22},"skip":true},{"start":{"line":70,"column":27},"end":{"line":70,"column":32},"skip":true},{"start":{"line":71,"column":20},"end":{"line":71,"column":39},"skip":true},{"start":{"line":72,"column":20},"end":{"line":72,"column":49},"skip":true},{"start":{"line":73,"column":20},"end":{"line":73,"column":58},"skip":true},{"start":{"line":74,"column":20},"end":{"line":74,"column":69},"skip":true}]},"9":{"line":79,"type":"switch","locations":[{"start":{"line":80,"column":20},"end":{"line":80,"column":33},"skip":true},{"start":{"line":81,"column":20},"end":{"line":83,"column":30},"skip":true},{"start":{"line":84,"column":20},"end":{"line":85,"column":49},"skip":true}]},"10":{"line":89,"type":"switch","locations":[{"start":{"line":90,"column":12},"end":{"line":103,"column":22},"skip":true},{"start":{"line":105,"column":12},"end":{"line":106,"column":22},"skip":true}]},"11":{"line":89,"type":"binary-expr","locations":[{"start":{"line":89,"column":20},"end":{"line":89,"column":25},"skip":true},{"start":{"line":89,"column":29},"end":{"line":89,"column":48},"skip":true},{"start":{"line":89,"column":52},"end":{"line":89,"column":74},"skip":true}]},"12":{"line":92,"type":"if","locations":[{"start":{"line":92,"column":16},"end":{"line":92,"column":16},"skip":true},{"start":{"line":92,"column":16},"end":{"line":92,"column":16},"skip":true}]},"13":{"line":108,"type":"if","locations":[{"start":{"line":108,"column":12},"end":{"line":108,"column":12},"skip":true},{"start":{"line":108,"column":12},"end":{"line":108,"column":12},"skip":true}]},"14":{"line":108,"type":"binary-expr","locations":[{"start":{"line":108,"column":16},"end":{"line":108,"column":61},"skip":true},{"start":{"line":108,"column":66},"end":{"line":108,"column":72},"skip":true},{"start":{"line":108,"column":77},"end":{"line":108,"column":82},"skip":true},{"start":{"line":109,"column":20},"end":{"line":109,"column":39},"skip":true},{"start":{"line":110,"column":20},"end":{"line":110,"column":49},"skip":true},{"start":{"line":111,"column":20},"end":{"line":111,"column":58},"skip":true},{"start":{"line":112,"column":20},"end":{"line":112,"column":68},"skip":true}]},"15":{"line":129,"type":"if","locations":[{"start":{"line":129,"column":16},"end":{"line":129,"column":16},"skip":true},{"start":{"line":129,"column":16},"end":{"line":129,"column":16},"skip":true}]},"16":{"line":134,"type":"cond-expr","locations":[{"start":{"line":135,"column":26},"end":{"line":135,"column":29},"skip":true},{"start":{"line":136,"column":26},"end":{"line":136,"column":54},"skip":true}]},"17":{"line":164,"type":"binary-expr","locations":[{"start":{"line":164,"column":27},"end":{"line":164,"column":43},"skip":true},{"start":{"line":164,"column":47},"end":{"line":164,"column":49},"skip":true}]},"18":{"line":258,"type":"if","locations":[{"start":{"line":258,"column":8},"end":{"line":258,"column":8},"skip":true},{"start":{"line":258,"column":8},"end":{"line":258,"column":8},"skip":true}]},"19":{"line":275,"type":"switch","locations":[{"start":{"line":276,"column":20},"end":{"line":277,"column":64},"skip":true},{"start":{"line":278,"column":20},"end":{"line":279,"column":40},"skip":true},{"start":{"line":280,"column":20},"end":{"line":281,"column":40},"skip":true},{"start":{"line":282,"column":20},"end":{"line":283,"column":39},"skip":true}]},"20":{"line":288,"type":"if","locations":[{"start":{"line":288,"column":8},"end":{"line":288,"column":8},"skip":true},{"start":{"line":288,"column":8},"end":{"line":288,"column":8},"skip":true}]},"21":{"line":288,"type":"binary-expr","locations":[{"start":{"line":288,"column":12},"end":{"line":288,"column":40},"skip":true},{"start":{"line":288,"column":44},"end":{"line":288,"column":67},"skip":true}]},"22":{"line":292,"type":"binary-expr","locations":[{"start":{"line":292,"column":12},"end":{"line":292,"column":50},"skip":true},{"start":{"line":293,"column":12},"end":{"line":293,"column":53},"skip":true}]},"23":{"line":297,"type":"binary-expr","locations":[{"start":{"line":297,"column":12},"end":{"line":297,"column":71},"skip":true},{"start":{"line":298,"column":12},"end":{"line":301,"column":36},"skip":true}]},"24":{"line":303,"type":"binary-expr","locations":[{"start":{"line":303,"column":43},"end":{"line":303,"column":75},"skip":true},{"start":{"line":303,"column":79},"end":{"line":303,"column":81},"skip":true}]},"25":{"line":306,"type":"if","locations":[{"start":{"line":306,"column":8},"end":{"line":306,"column":8},"skip":true},{"start":{"line":306,"column":8},"end":{"line":306,"column":8},"skip":true}]},"26":{"line":310,"type":"if","locations":[{"start":{"line":310,"column":8},"end":{"line":310,"column":8},"skip":true},{"start":{"line":310,"column":8},"end":{"line":310,"column":8},"skip":true}]},"27":{"line":313,"type":"binary-expr","locations":[{"start":{"line":313,"column":27},"end":{"line":313,"column":43},"skip":true},{"start":{"line":313,"column":47},"end":{"line":313,"column":53},"skip":true}]},"28":{"line":317,"type":"if","locations":[{"start":{"line":317,"column":12},"end":{"line":317,"column":12},"skip":true},{"start":{"line":317,"column":12},"end":{"line":317,"column":12},"skip":true}]}},"code":["/*","example.js","","quickstart example","","instruction","    1. save this script as example.js","    2. run the shell command:","        $ npm install npmtest-git-changelog && PORT=8081 node example.js","    3. play with the browser-demo on http://127.0.0.1:8081","*/","","","","/* istanbul instrument in package npmtest_git_changelog */","/*jslint","    bitwise: true,","    browser: true,","    maxerr: 8,","    maxlen: 96,","    node: true,","    nomen: true,","    regexp: true,","    stupid: true","*/","(function () {","    'use strict';","    var local;","","","","    // run shared js-env code - pre-init","    (function () {","        // init local","        local = {};","        // init modeJs","        local.modeJs = (function () {","            try {","                return typeof navigator.userAgent === 'string' &&","                    typeof document.querySelector('body') === 'object' &&","                    typeof XMLHttpRequest.prototype.open === 'function' &&","                    'browser';","            } catch (errorCaughtBrowser) {","                return module.exports &&","                    typeof process.versions.node === 'string' &&","                    typeof require('http').createServer === 'function' &&","                    'node';","            }","        }());","        // init global","        local.global = local.modeJs === 'browser'","            ? window","            : global;","        // init utility2_rollup","        local = local.global.utility2_rollup || (local.modeJs === 'browser'","            ? local.global.utility2_npmtest_git_changelog","            : global.utility2_moduleExports);","        // export local","        local.global.local = local;","    }());","    switch (local.modeJs) {","","","","    // post-init","    // run browser js-env code - post-init","    /* istanbul ignore next */","    case 'browser':","        local.testRunBrowser = function (event) {","            if (!event || (event &&","                    event.currentTarget &&","                    event.currentTarget.className &&","                    event.currentTarget.className.includes &&","                    event.currentTarget.className.includes('onreset'))) {","                // reset output","                Array.from(","                    document.querySelectorAll('body > .resettable')","                ).forEach(function (element) {","                    switch (element.tagName) {","                    case 'INPUT':","                    case 'TEXTAREA':","                        element.value = '';","                        break;","                    default:","                        element.textContent = '';","                    }","                });","            }","            switch (event && event.currentTarget && event.currentTarget.id) {","            case 'testRunButton1':","                // show tests","                if (document.querySelector('#testReportDiv1').style.display === 'none') {","                    document.querySelector('#testReportDiv1').style.display = 'block';","                    document.querySelector('#testRunButton1').textContent =","                        'hide internal test';","                    local.modeTest = true;","                    local.testRunDefault(local);","                // hide tests","                } else {","                    document.querySelector('#testReportDiv1').style.display = 'none';","                    document.querySelector('#testRunButton1').textContent = 'run internal test';","                }","                break;","            // custom-case","            default:","                break;","            }","            if (document.querySelector('#inputTextareaEval1') && (!event || (event &&","                    event.currentTarget &&","                    event.currentTarget.className &&","                    event.currentTarget.className.includes &&","                    event.currentTarget.className.includes('oneval')))) {","                // try to eval input-code","                try {","                    /*jslint evil: true*/","                    eval(document.querySelector('#inputTextareaEval1').value);","                } catch (errorCaught) {","                    console.error(errorCaught);","                }","            }","        };","        // log stderr and stdout to #outputTextareaStdout1","        ['error', 'log'].forEach(function (key) {","            console[key + '_original'] = console[key];","            console[key] = function () {","                var element;","                console[key + '_original'].apply(console, arguments);","                element = document.querySelector('#outputTextareaStdout1');","                if (!element) {","                    return;","                }","                // append text to #outputTextareaStdout1","                element.value += Array.from(arguments).map(function (arg) {","                    return typeof arg === 'string'","                        ? arg","                        : JSON.stringify(arg, null, 4);","                }).join(' ') + '\\n';","                // scroll textarea to bottom","                element.scrollTop = element.scrollHeight;","            };","        });","        // init event-handling","        ['change', 'click', 'keyup'].forEach(function (event) {","            Array.from(document.querySelectorAll('.on' + event)).forEach(function (element) {","                element.addEventListener(event, local.testRunBrowser);","            });","        });","        // run tests","        local.testRunBrowser();","        break;","","","","    // run node js-env code - post-init","    /* istanbul ignore next */","    case 'node':","        // export local","        module.exports = local;","        // require modules","        local.fs = require('fs');","        local.http = require('http');","        local.url = require('url');","        // init assets","        local.assetsDict = local.assetsDict || {};","        /* jslint-ignore-begin */","        local.assetsDict['/assets.index.template.html'] = '\\","<!doctype html>\\n\\","<html lang=\"en\">\\n\\","<head>\\n\\","<meta charset=\"UTF-8\">\\n\\","<meta name=\"viewport\" content=\"width=device-width, initial-scale=1\">\\n\\","<title>{{env.npm_package_name}} (v{{env.npm_package_version}})</title>\\n\\","<style>\\n\\","/*csslint\\n\\","    box-sizing: false,\\n\\","    universal-selector: false\\n\\","*/\\n\\","* {\\n\\","    box-sizing: border-box;\\n\\","}\\n\\","body {\\n\\","    background: #dde;\\n\\","    font-family: Arial, Helvetica, sans-serif;\\n\\","    margin: 2rem;\\n\\","}\\n\\","body > * {\\n\\","    margin-bottom: 1rem;\\n\\","}\\n\\",".utility2FooterDiv {\\n\\","    margin-top: 20px;\\n\\","    text-align: center;\\n\\","}\\n\\","</style>\\n\\","<style>\\n\\","/*csslint\\n\\","*/\\n\\","textarea {\\n\\","    font-family: monospace;\\n\\","    height: 10rem;\\n\\","    width: 100%;\\n\\","}\\n\\","textarea[readonly] {\\n\\","    background: #ddd;\\n\\","}\\n\\","</style>\\n\\","</head>\\n\\","<body>\\n\\","<!-- utility2-comment\\n\\","<div id=\"ajaxProgressDiv1\" style=\"background: #d00; height: 2px; left: 0; margin: 0; padding: 0; position: fixed; top: 0; transition: background 0.5s, width 1.5s; width: 25%;\"></div>\\n\\","utility2-comment -->\\n\\","<h1>\\n\\","<!-- utility2-comment\\n\\","    <a\\n\\","        {{#if env.npm_package_homepage}}\\n\\","        href=\"{{env.npm_package_homepage}}\"\\n\\","        {{/if env.npm_package_homepage}}\\n\\","        target=\"_blank\"\\n\\","    >\\n\\","utility2-comment -->\\n\\","        {{env.npm_package_name}} (v{{env.npm_package_version}})\\n\\","<!-- utility2-comment\\n\\","    </a>\\n\\","utility2-comment -->\\n\\","</h1>\\n\\","<h3>{{env.npm_package_description}}</h3>\\n\\","<!-- utility2-comment\\n\\","<h4><a download href=\"assets.app.js\">download standalone app</a></h4>\\n\\","<button class=\"onclick onreset\" id=\"testRunButton1\">run internal test</button><br>\\n\\","<div id=\"testReportDiv1\" style=\"display: none;\"></div>\\n\\","utility2-comment -->\\n\\","\\n\\","\\n\\","\\n\\","<label>stderr and stdout</label>\\n\\","<textarea class=\"resettable\" id=\"outputTextareaStdout1\" readonly></textarea>\\n\\","<!-- utility2-comment\\n\\","{{#if isRollup}}\\n\\","<script src=\"assets.app.js\"></script>\\n\\","{{#unless isRollup}}\\n\\","utility2-comment -->\\n\\","<script src=\"assets.utility2.rollup.js\"></script>\\n\\","<script src=\"jsonp.utility2._stateInit?callback=window.utility2._stateInit\"></script>\\n\\","<script src=\"assets.npmtest_git_changelog.rollup.js\"></script>\\n\\","<script src=\"assets.example.js\"></script>\\n\\","<script src=\"assets.test.js\"></script>\\n\\","<!-- utility2-comment\\n\\","{{/if isRollup}}\\n\\","utility2-comment -->\\n\\","<div class=\"utility2FooterDiv\">\\n\\","    [ this app was created with\\n\\","    <a href=\"https://github.com/kaizhu256/node-utility2\" target=\"_blank\">utility2</a>\\n\\","    ]\\n\\","</div>\\n\\","</body>\\n\\","</html>\\n\\","';","        /* jslint-ignore-end */","        if (local.templateRender) {","            local.assetsDict['/'] = local.templateRender(","                local.assetsDict['/assets.index.template.html'],","                {","                    env: local.objectSetDefault(local.env, {","                        npm_package_description: 'the greatest app in the world!',","                        npm_package_name: 'my-app',","                        npm_package_nameAlias: 'my_app',","                        npm_package_version: '0.0.1'","                    })","                }","            );","        } else {","            local.assetsDict['/'] = local.assetsDict['/assets.index.template.html']","                .replace((/\\{\\{env\\.(\\w+?)\\}\\}/g), function (match0, match1) {","                    // jslint-hack","                    String(match0);","                    switch (match1) {","                    case 'npm_package_description':","                        return 'the greatest app in the world!';","                    case 'npm_package_name':","                        return 'my-app';","                    case 'npm_package_nameAlias':","                        return 'my_app';","                    case 'npm_package_version':","                        return '0.0.1';","                    }","                });","        }","        // run the cli","        if (local.global.utility2_rollup || module !== require.main) {","            break;","        }","        local.assetsDict['/assets.example.js'] =","            local.assetsDict['/assets.example.js'] ||","            local.fs.readFileSync(__filename, 'utf8');","        // bug-workaround - long $npm_package_buildCustomOrg","        /* jslint-ignore-begin */","        local.assetsDict['/assets.npmtest_git_changelog.rollup.js'] =","            local.assetsDict['/assets.npmtest_git_changelog.rollup.js'] ||","            local.fs.readFileSync(","                local.npmtest_git_changelog.__dirname + '/lib.npmtest_git_changelog.js',","                'utf8'","            ).replace((/^#!/), '//');","        /* jslint-ignore-end */","        local.assetsDict['/favicon.ico'] = local.assetsDict['/favicon.ico'] || '';","        // if $npm_config_timeout_exit exists,","        // then exit this process after $npm_config_timeout_exit ms","        if (Number(process.env.npm_config_timeout_exit)) {","            setTimeout(process.exit, Number(process.env.npm_config_timeout_exit));","        }","        // start server","        if (local.global.utility2_serverHttp1) {","            break;","        }","        process.env.PORT = process.env.PORT || '8081';","        console.error('server starting on port ' + process.env.PORT);","        local.http.createServer(function (request, response) {","            request.urlParsed = local.url.parse(request.url);","            if (local.assetsDict[request.urlParsed.pathname] !== undefined) {","                response.end(local.assetsDict[request.urlParsed.pathname]);","                return;","            }","            response.statusCode = 404;","            response.end();","        }).listen(process.env.PORT);","        break;","    }","}());",""],"l":{"26":2,"28":2,"33":2,"35":2,"37":2,"38":2,"39":2,"44":1,"51":2,"55":2,"59":2,"61":2,"69":1,"70":2,"76":2,"79":2,"82":2,"83":2,"85":1,"89":2,"92":1,"93":1,"94":1,"96":1,"97":1,"100":1,"101":1,"103":1,"106":1,"108":2,"114":1,"116":1,"118":1,"123":1,"124":2,"125":2,"126":3,"127":3,"128":3,"129":3,"130":1,"133":3,"134":3,"139":3,"143":1,"144":3,"145":1,"149":1,"150":1,"158":1,"160":1,"161":1,"162":1,"164":1,"166":1,"258":1,"259":1,"271":1,"274":6,"275":6,"277":1,"279":2,"281":1,"283":2,"288":1,"289":1,"291":1,"296":1,"303":1,"306":1,"307":1,"310":1,"311":1,"313":1,"314":1,"315":1,"316":1,"317":1,"318":1,"319":1,"321":1,"322":1,"324":1}},"/home/travis/build/npmtest/node-npmtest-git-changelog/node_modules/git-changelog/Gruntfile.js":{"path":"/home/travis/build/npmtest/node-npmtest-git-changelog/node_modules/git-changelog/Gruntfile.js","s":{"1":1,"2":0,"3":0,"4":0,"5":0,"6":0,"7":0,"8":0,"9":0},"b":{},"f":{"1":0},"fnMap":{"1":{"name":"(anonymous_1)","line":11,"loc":{"start":{"line":11,"column":17},"end":{"line":11,"column":33}}}},"statementMap":{"1":{"start":{"line":11,"column":0},"end":{"line":167,"column":2}},"2":{"start":{"line":14,"column":2},"end":{"line":146,"column":5}},"3":{"start":{"line":149,"column":2},"end":{"line":149,"column":27}},"4":{"start":{"line":152,"column":2},"end":{"line":152,"column":45}},"5":{"start":{"line":153,"column":2},"end":{"line":153,"column":44}},"6":{"start":{"line":154,"column":2},"end":{"line":154,"column":41}},"7":{"start":{"line":158,"column":2},"end":{"line":158,"column":61}},"8":{"start":{"line":162,"column":2},"end":{"line":162,"column":56}},"9":{"start":{"line":165,"column":2},"end":{"line":165,"column":47}}},"branchMap":{},"code":["/*"," * git-changelog"," * https://github.com/rafinskipg/git-changelog"," *"," * Copyright (c) 2013 rafinskipg"," * Licensed under the MIT license."," */","","'use strict';","","module.exports = function(grunt) {","","  // Project configuration.","  grunt.initConfig({","    jshint: {","      all: [","        'Gruntfile.js',","        'tasks/**/*.js',","        'test/**/*.spec.js'","      ],","      options: {","        jshintrc: '.jshintrc',","      },","    },","","    // Before generating any new files, remove any previously-created files.","    clean: {","      tests: [","        'output/tag1.md',","        'EXTENDEDCHANGELOG.md'","      ],","    },","","    // Configuration to be run (and then tested).","    git_changelog: {","      minimal: {","        options: {","          app_name : 'Git changelog',","          logo : 'https://github.com/rafinskipg/git-changelog/raw/master/images/git-changelog-logo.png',","          intro : 'Git changelog is a utility tool for generating changelogs. It is free and opensource. :)'","        }","      },","      tag1: {","        options: {","          app_name : 'Since tag 1 changelog',","          intro: 'This changelog is from the previous tag',","          file: 'output/tag1.md',","          logo : 'https://github.com/rafinskipg/git-changelog/raw/master/images/git-changelog-logo.png',","          version_name : 'squeezy potatoe',","          tag: 'v0.0.1',","          debug: true,","          sections: [","            {","              \"title\": \"Bug Fixes\",","              \"grep\": \"^fix\"","            },","            {","              \"title\": \"Pull requests merged\",","              \"grep\": \"^Merge pull request\"","            }","          ]","        }","      },","      customTemplate: {","        options: {","          app_name : 'Custom Template',","          intro: 'This changelog is generated with a custom template',","          file: 'output/customTemplate.md',","          template: 'templates/template_two.md',","          logo : 'https://github.com/rafinskipg/git-changelog/raw/master/images/git-changelog-logo.png',","          version_name : 'squeezy potatoe',","          tag: 'v0.0.1',","          debug: true","        }","      },","      extended: {","        options: {","          app_name : 'Git changelog extended',","          logo : 'https://github.com/rafinskipg/git-changelog/raw/master/images/git-changelog-logo.png',","          intro : 'Git changelog is a utility tool for generating changelogs. It is free and opensource. :)',","          repo_url: 'https://github.com/rafinskipg/git-changelog',","          tag: false,","          debug: true,","          file : 'EXTENDEDCHANGELOG.md',","          sections: [","            {","              \"title\": \"Bug Fixes\",","              \"grep\": \"^fix\"","            },","            {","              \"title\": \"Features\",","              \"grep\": \"^feat\"","            },","            {","              \"title\": \"Documentation\",","              \"grep\": \"^docs\"","            },","            {","              \"title\": \"Breaking changes\",","              \"grep\": \"BREAKING\"","            },","            {","              \"title\": \"Refactor\",","              \"grep\": \"^refactor\"","            },","            {","              \"title\": \"Style\",","              \"grep\": \"^style\"","            },","            {","              \"title\": \"Test\",","              \"grep\": \"^test\"","            },","            {","              \"title\": \"Chore\",","              \"grep\": \"^chore\"","            },","            {","              \"title\": \"Branchs merged\",","              \"grep\": \"^Merge branch\"","            },","            {","              \"title\" : \"Pull requests merged\",","              \"grep\": \"^Merge pull request\"","            }","          ]","        }","      }","    },","","    // Unit tests.","    nodeunit: {","      tests: ['test/*_test.js'],","    },","    mochaTest: {","      test: {","        options: {","          reporter: 'spec',","          //captureFile: 'tests/results.txt', // Optionally capture the reporter output to a file","          quiet: false // Optionally suppress output to standard out (defaults to false)","        },","        src: ['test/**/*.spec.js']","      }","    },","","  });","","  // Actually load this plugin's task(s).","  grunt.loadTasks('tasks');","","  // These plugins provide necessary tasks.","  grunt.loadNpmTasks('grunt-contrib-jshint');","  grunt.loadNpmTasks('grunt-contrib-clean');","  grunt.loadNpmTasks('grunt-mocha-test');","","  // Whenever the \"test\" task is run, first clean the \"tmp\" dir, then run this","  // plugin's task(s), then test the result.","  grunt.registerTask('pre-test', ['clean', 'git_changelog']);","  // grunt.registerTask('test', ['clean', 'git_changelog', 'mochaTest']);","","  // By default, lint and run all tests.","  grunt.registerTask('default', ['jshint', 'pre-test']);","","  // By default, lint and run all tests.","  grunt.registerTask('ch', [ 'git_changelog']);","","};",""],"l":{"11":1,"14":0,"149":0,"152":0,"153":0,"154":0,"158":0,"162":0,"165":0}},"/home/travis/build/npmtest/node-npmtest-git-changelog/node_modules/git-changelog/tasks/command.js":{"path":"/home/travis/build/npmtest/node-npmtest-git-changelog/node_modules/git-changelog/tasks/command.js","s":{"1":1,"2":1,"3":1,"4":1,"5":1,"6":1,"7":1,"8":1,"9":1,"10":0,"11":0,"12":1,"13":0,"14":1,"15":0,"16":1,"17":0,"18":0,"19":1,"20":0,"21":0,"22":1,"23":0,"24":1,"25":0,"26":1,"27":0,"28":1,"29":0,"30":1,"31":0,"32":1,"33":0,"34":0,"35":1,"36":0,"37":0,"38":1,"39":0,"40":0,"41":0,"42":0,"43":0,"44":1,"45":1},"b":{"1":[1,0],"2":[0,1],"3":[0,1],"4":[0,1],"5":[0,1],"6":[0,1],"7":[0,1],"8":[0,1],"9":[0,1],"10":[0,1],"11":[0,1],"12":[0,1],"13":[0,1],"14":[0,1],"15":[0,0],"16":[0,0]},"f":{"1":1},"fnMap":{"1":{"name":"(anonymous_1)","line":95,"loc":{"start":{"line":95,"column":45},"end":{"line":95,"column":55}}}},"statementMap":{"1":{"start":{"line":5,"column":0},"end":{"line":5,"column":35}},"2":{"start":{"line":6,"column":0},"end":{"line":6,"column":56}},"3":{"start":{"line":7,"column":0},"end":{"line":7,"column":37}},"4":{"start":{"line":8,"column":0},"end":{"line":8,"column":26}},"5":{"start":{"line":9,"column":0},"end":{"line":9,"column":39}},"6":{"start":{"line":12,"column":0},"end":{"line":99,"column":1}},"7":{"start":{"line":14,"column":2},"end":{"line":30,"column":25}},"8":{"start":{"line":32,"column":2},"end":{"line":32,"column":42}},"9":{"start":{"line":34,"column":2},"end":{"line":37,"column":3}},"10":{"start":{"line":35,"column":4},"end":{"line":35,"column":63}},"11":{"start":{"line":36,"column":4},"end":{"line":36,"column":24}},"12":{"start":{"line":39,"column":2},"end":{"line":41,"column":3}},"13":{"start":{"line":40,"column":4},"end":{"line":40,"column":48}},"14":{"start":{"line":43,"column":2},"end":{"line":45,"column":3}},"15":{"start":{"line":44,"column":4},"end":{"line":44,"column":40}},"16":{"start":{"line":47,"column":2},"end":{"line":50,"column":3}},"17":{"start":{"line":48,"column":4},"end":{"line":48,"column":36}},"18":{"start":{"line":49,"column":4},"end":{"line":49,"column":49}},"19":{"start":{"line":51,"column":2},"end":{"line":54,"column":3}},"20":{"start":{"line":52,"column":4},"end":{"line":52,"column":33}},"21":{"start":{"line":53,"column":4},"end":{"line":53,"column":34}},"22":{"start":{"line":56,"column":2},"end":{"line":58,"column":3}},"23":{"start":{"line":57,"column":4},"end":{"line":57,"column":32}},"24":{"start":{"line":60,"column":2},"end":{"line":62,"column":3}},"25":{"start":{"line":61,"column":4},"end":{"line":61,"column":40}},"26":{"start":{"line":64,"column":2},"end":{"line":66,"column":3}},"27":{"start":{"line":65,"column":4},"end":{"line":65,"column":46}},"28":{"start":{"line":68,"column":2},"end":{"line":70,"column":3}},"29":{"start":{"line":69,"column":4},"end":{"line":69,"column":32}},"30":{"start":{"line":71,"column":2},"end":{"line":73,"column":3}},"31":{"start":{"line":72,"column":4},"end":{"line":72,"column":34}},"32":{"start":{"line":75,"column":2},"end":{"line":78,"column":3}},"33":{"start":{"line":76,"column":4},"end":{"line":76,"column":40}},"34":{"start":{"line":77,"column":4},"end":{"line":77,"column":53}},"35":{"start":{"line":80,"column":2},"end":{"line":83,"column":3}},"36":{"start":{"line":81,"column":4},"end":{"line":81,"column":40}},"37":{"start":{"line":82,"column":4},"end":{"line":82,"column":65}},"38":{"start":{"line":85,"column":2},"end":{"line":93,"column":3}},"39":{"start":{"line":86,"column":4},"end":{"line":92,"column":5}},"40":{"start":{"line":87,"column":6},"end":{"line":87,"column":26}},"41":{"start":{"line":88,"column":6},"end":{"line":88,"column":63}},"42":{"start":{"line":90,"column":6},"end":{"line":90,"column":32}},"43":{"start":{"line":91,"column":6},"end":{"line":91,"column":66}},"44":{"start":{"line":95,"column":2},"end":{"line":97,"column":5}},"45":{"start":{"line":96,"column":4},"end":{"line":96,"column":65}}},"branchMap":{"1":{"line":12,"type":"if","locations":[{"start":{"line":12,"column":0},"end":{"line":12,"column":0}},{"start":{"line":12,"column":0},"end":{"line":12,"column":0}}]},"2":{"line":34,"type":"if","locations":[{"start":{"line":34,"column":2},"end":{"line":34,"column":2}},{"start":{"line":34,"column":2},"end":{"line":34,"column":2}}]},"3":{"line":39,"type":"if","locations":[{"start":{"line":39,"column":2},"end":{"line":39,"column":2}},{"start":{"line":39,"column":2},"end":{"line":39,"column":2}}]},"4":{"line":43,"type":"if","locations":[{"start":{"line":43,"column":2},"end":{"line":43,"column":2}},{"start":{"line":43,"column":2},"end":{"line":43,"column":2}}]},"5":{"line":47,"type":"if","locations":[{"start":{"line":47,"column":2},"end":{"line":47,"column":2}},{"start":{"line":47,"column":2},"end":{"line":47,"column":2}}]},"6":{"line":51,"type":"if","locations":[{"start":{"line":51,"column":2},"end":{"line":51,"column":2}},{"start":{"line":51,"column":2},"end":{"line":51,"column":2}}]},"7":{"line":56,"type":"if","locations":[{"start":{"line":56,"column":2},"end":{"line":56,"column":2}},{"start":{"line":56,"column":2},"end":{"line":56,"column":2}}]},"8":{"line":60,"type":"if","locations":[{"start":{"line":60,"column":2},"end":{"line":60,"column":2}},{"start":{"line":60,"column":2},"end":{"line":60,"column":2}}]},"9":{"line":64,"type":"if","locations":[{"start":{"line":64,"column":2},"end":{"line":64,"column":2}},{"start":{"line":64,"column":2},"end":{"line":64,"column":2}}]},"10":{"line":68,"type":"if","locations":[{"start":{"line":68,"column":2},"end":{"line":68,"column":2}},{"start":{"line":68,"column":2},"end":{"line":68,"column":2}}]},"11":{"line":71,"type":"if","locations":[{"start":{"line":71,"column":2},"end":{"line":71,"column":2}},{"start":{"line":71,"column":2},"end":{"line":71,"column":2}}]},"12":{"line":75,"type":"if","locations":[{"start":{"line":75,"column":2},"end":{"line":75,"column":2}},{"start":{"line":75,"column":2},"end":{"line":75,"column":2}}]},"13":{"line":80,"type":"if","locations":[{"start":{"line":80,"column":2},"end":{"line":80,"column":2}},{"start":{"line":80,"column":2},"end":{"line":80,"column":2}}]},"14":{"line":85,"type":"if","locations":[{"start":{"line":85,"column":2},"end":{"line":85,"column":2}},{"start":{"line":85,"column":2},"end":{"line":85,"column":2}}]},"15":{"line":86,"type":"if","locations":[{"start":{"line":86,"column":4},"end":{"line":86,"column":4}},{"start":{"line":86,"column":4},"end":{"line":86,"column":4}}]},"16":{"line":86,"type":"binary-expr","locations":[{"start":{"line":86,"column":7},"end":{"line":86,"column":28}},{"start":{"line":86,"column":32},"end":{"line":86,"column":55}}]}},"code":["//#!/usr/bin/env node","","'use strict';","","var program = require('commander');","var git_changelog = require('./git_changelog_generate');","var defaults = require('./defaults');","var _ = require('lodash');","var options = _.defaults({}, defaults);","","","if (process.argv.join('').replace(/\\\\/g,'/').indexOf('/grunt') === -1) {","","  program","    .version(require('../package').version)","    .option('-e, --extended', 'Extended log')","    .option('-n, --version_name [version_name]', 'Name of the version')","    .option('-a, --app_name [app_name]', 'Name [app_name]')","    .option('-b, --branch [branch]', 'Branch name [branch]')","    .option('-f, --file [file]', 'File [file]')","    .option('-tpl, --template [template]', 'Template [template]')","    .option('-r, --repo_url [repo_url]', 'Repo url [repo_url]')","    .option('-l, --logo [logo]', 'Logo path [logo]')","    .option('-i, --intro [intro]', 'intro text [intro]')","    .option('-t, --tag [tag]', 'Since tag [tag]')","    .option('-rc, --changelogrc [changelogrc]', '.changelogrc relative path [changelogrc]')","    .option('-g, --grep [grep]', 'Grep commits for [grep]')","    .option('-d, --debug', 'Debugger')","    .option('-p, --provider [provider]', 'Provider: gitlab, github, bitbucket (Optional)')","    .parse(process.argv);","","  console.log('Executing git changelog:');","","  if (program.extended){","    console.log('  - Extended, getting log since the BigBang');","    options.tag = false;","  }","","  if (program.version_name){","    options.version_name = program.version_name;","  }","","  if (program.app_name){","    options.app_name = program.app_name;","  }","","  if (program.branch){","    options.branch = program.branch;","    console.log('  - Branch %s', program.branch);","  }","  if (program.debug){","    console.log('Debug enabled');","    options.debug = program.debug;","  }","","  if (program.file){","    options.file = program.file;","  }","","  if (program.template){","    options.template = program.template;","  }","","  if (program.changelogrc){","    options.changelogrc = program.changelogrc;","  }","","  if (program.logo){","    options.logo = program.logo;","  }","  if (program.intro){","    options.intro = program.intro;","  }","","  if (program.repo_url){","    options.repo_url = program.repo_url;","    console.log('  - With URL %s', program.repo_url);","  }","","  if (program.provider){","    options.provider = program.provider;","    console.log('  - With forced provider %s', program.provider);","  }","","  if (program.tag !== undefined){","    if(program.tag === false || program.tag === \"false\"){","      options.tag = false;","      console.log('  - No tag, getting log since the BigBang');","    }else{","      options.tag = program.tag;","      console.log('  - Generating log since tag %s', program.tag);","    }","  }","","  git_changelog.generate(options, true).then(function(){","    git_changelog.log('success', 'Finished generating log Yai!');","  });","","}",""],"l":{"5":1,"6":1,"7":1,"8":1,"9":1,"12":1,"14":1,"32":1,"34":1,"35":0,"36":0,"39":1,"40":0,"43":1,"44":0,"47":1,"48":0,"49":0,"51":1,"52":0,"53":0,"56":1,"57":0,"60":1,"61":0,"64":1,"65":0,"68":1,"69":0,"71":1,"72":0,"75":1,"76":0,"77":0,"80":1,"81":0,"82":0,"85":1,"86":0,"87":0,"88":0,"90":0,"91":0,"95":1,"96":1}},"/home/travis/build/npmtest/node-npmtest-git-changelog/node_modules/git-changelog/tasks/git_changelog_generate.js":{"path":"/home/travis/build/npmtest/node-npmtest-git-changelog/node_modules/git-changelog/tasks/git_changelog_generate.js","s":{"1":1,"2":1,"3":1,"4":1,"5":1,"6":1,"7":1,"8":1,"9":1,"10":1,"11":1,"12":1,"13":1,"14":1,"15":1,"16":1,"17":1,"18":1,"19":1,"20":1,"21":1,"22":1,"23":1,"24":1,"25":1,"26":1,"27":1,"28":1,"29":1},"b":{},"f":{"1":1},"fnMap":{"1":{"name":"Changelog","line":11,"loc":{"start":{"line":11,"column":16},"end":{"line":11,"column":37}}}},"statementMap":{"1":{"start":{"line":6,"column":0},"end":{"line":6,"column":42}},"2":{"start":{"line":11,"column":0},"end":{"line":14,"column":2}},"3":{"start":{"line":12,"column":2},"end":{"line":12,"column":36}},"4":{"start":{"line":13,"column":2},"end":{"line":13,"column":21}},"5":{"start":{"line":16,"column":0},"end":{"line":16,"column":49}},"6":{"start":{"line":17,"column":0},"end":{"line":17,"column":64}},"7":{"start":{"line":18,"column":0},"end":{"line":18,"column":64}},"8":{"start":{"line":19,"column":0},"end":{"line":19,"column":55}},"9":{"start":{"line":20,"column":0},"end":{"line":20,"column":75}},"10":{"start":{"line":21,"column":0},"end":{"line":21,"column":73}},"11":{"start":{"line":22,"column":0},"end":{"line":22,"column":66}},"12":{"start":{"line":23,"column":0},"end":{"line":23,"column":77}},"13":{"start":{"line":24,"column":0},"end":{"line":24,"column":71}},"14":{"start":{"line":25,"column":0},"end":{"line":25,"column":65}},"15":{"start":{"line":26,"column":0},"end":{"line":26,"column":67}},"16":{"start":{"line":27,"column":0},"end":{"line":27,"column":64}},"17":{"start":{"line":28,"column":0},"end":{"line":28,"column":64}},"18":{"start":{"line":29,"column":0},"end":{"line":29,"column":66}},"19":{"start":{"line":30,"column":0},"end":{"line":30,"column":64}},"20":{"start":{"line":31,"column":0},"end":{"line":31,"column":64}},"21":{"start":{"line":32,"column":0},"end":{"line":32,"column":62}},"22":{"start":{"line":33,"column":0},"end":{"line":33,"column":71}},"23":{"start":{"line":34,"column":0},"end":{"line":34,"column":72}},"24":{"start":{"line":35,"column":0},"end":{"line":35,"column":71}},"25":{"start":{"line":36,"column":0},"end":{"line":36,"column":63}},"26":{"start":{"line":37,"column":0},"end":{"line":37,"column":57}},"27":{"start":{"line":39,"column":0},"end":{"line":39,"column":47}},"28":{"start":{"line":41,"column":0},"end":{"line":41,"column":32}},"29":{"start":{"line":43,"column":0},"end":{"line":43,"column":27}}},"branchMap":{},"code":["/*"," * git-changelog"," * https://github.com/rafinskipg/git-changelog"," */","","var debug = require('debug')('changelog');","","//ALLOWED_COMMITS = '^fix|^feat|^docs|BREAKING',","//git-describe - Show the most recent tag that is reachable from a commit","","var Changelog = function Changelog() {","  debug('initializing constructor');","  this.setDefaults();","};","","Changelog.prototype.init = require('./lib/init');","Changelog.prototype.initOptions = require('./lib/init-options');","Changelog.prototype.setDefaults = require('./lib/set-defaults');","Changelog.prototype.message = require('./lib/message');","Changelog.prototype.getProviderLinks = require('./lib/get-provider-links');","Changelog.prototype.loadChangelogRc = require('./lib/load-changelog-rc');","Changelog.prototype.loadTemplate = require('./lib/load-template');","Changelog.prototype.getGitLogCommands = require('./lib/get-gitlog-commands');","Changelog.prototype.parseRawCommit = require('./lib/parse-raw-commit');","Changelog.prototype.linkToIssue = require('./lib/link-to-issue');","Changelog.prototype.linkToCommit = require('./lib/link-to-commit');","Changelog.prototype.currentDate = require('./lib/current-date');","Changelog.prototype.printHeader = require('./lib/print-header');","Changelog.prototype.printSection = require('./lib/print-section');","Changelog.prototype.printCommit = require('./lib/print-commit');","Changelog.prototype.printSalute = require('./lib/print-salute');","Changelog.prototype.readGitLog = require('./lib/read-gitlog');","Changelog.prototype.writeChangelog = require('./lib/write-change-log');","Changelog.prototype.organizeCommits = require('./lib/organize-commits');","Changelog.prototype.getPreviousTag = require('./lib/get-previous-tag');","Changelog.prototype.getRepoUrl = require('./lib/get-repo-url');","Changelog.prototype.generate = require('./lib/generate');","","Changelog.prototype.log = require('./lib/log');","","var changelog = new Changelog();","","module.exports = changelog;",""],"l":{"6":1,"11":1,"12":1,"13":1,"16":1,"17":1,"18":1,"19":1,"20":1,"21":1,"22":1,"23":1,"24":1,"25":1,"26":1,"27":1,"28":1,"29":1,"30":1,"31":1,"32":1,"33":1,"34":1,"35":1,"36":1,"37":1,"39":1,"41":1,"43":1}},"/home/travis/build/npmtest/node-npmtest-git-changelog/node_modules/git-changelog/tasks/lib/init.js":{"path":"/home/travis/build/npmtest/node-npmtest-git-changelog/node_modules/git-changelog/tasks/lib/init.js","s":{"1":1,"2":1,"3":1,"4":1,"5":1,"6":1,"7":1,"8":1,"9":1,"10":1,"11":0,"12":0,"13":1,"14":1,"15":1,"16":1,"17":1,"18":1,"19":0,"20":1,"21":1,"22":1,"23":1,"24":1,"25":1,"26":8,"27":1,"28":1,"29":1,"30":1},"b":{"1":[1,0]},"f":{"1":1,"2":0,"3":1,"4":0,"5":1,"6":8},"fnMap":{"1":{"name":"getRepoSuccess","line":6,"loc":{"start":{"line":6,"column":0},"end":{"line":6,"column":39}}},"2":{"name":"getRepoFailure","line":17,"loc":{"start":{"line":17,"column":0},"end":{"line":17,"column":39}}},"3":{"name":"init","line":22,"loc":{"start":{"line":22,"column":0},"end":{"line":22,"column":30}}},"4":{"name":"(anonymous_4)","line":29,"loc":{"start":{"line":29,"column":62},"end":{"line":29,"column":81}}},"5":{"name":"(anonymous_5)","line":32,"loc":{"start":{"line":32,"column":10},"end":{"line":32,"column":28}}},"6":{"name":"(anonymous_6)","line":40,"loc":{"start":{"line":40,"column":64},"end":{"line":40,"column":82}}}},"statementMap":{"1":{"start":{"line":3,"column":0},"end":{"line":3,"column":21}},"2":{"start":{"line":4,"column":0},"end":{"line":4,"column":26}},"3":{"start":{"line":6,"column":0},"end":{"line":15,"column":1}},"4":{"start":{"line":7,"column":2},"end":{"line":7,"column":20}},"5":{"start":{"line":9,"column":2},"end":{"line":9,"column":30}},"6":{"start":{"line":10,"column":2},"end":{"line":10,"column":48}},"7":{"start":{"line":12,"column":2},"end":{"line":12,"column":26}},"8":{"start":{"line":13,"column":2},"end":{"line":13,"column":27}},"9":{"start":{"line":14,"column":2},"end":{"line":14,"column":21}},"10":{"start":{"line":17,"column":0},"end":{"line":20,"column":1}},"11":{"start":{"line":18,"column":2},"end":{"line":18,"column":29}},"12":{"start":{"line":19,"column":2},"end":{"line":19,"column":23}},"13":{"start":{"line":22,"column":0},"end":{"line":52,"column":1}},"14":{"start":{"line":23,"column":2},"end":{"line":23,"column":54}},"15":{"start":{"line":24,"column":2},"end":{"line":24,"column":20}},"16":{"start":{"line":26,"column":2},"end":{"line":26,"column":27}},"17":{"start":{"line":28,"column":2},"end":{"line":28,"column":27}},"18":{"start":{"line":29,"column":2},"end":{"line":29,"column":103}},"19":{"start":{"line":29,"column":83},"end":{"line":29,"column":99}},"20":{"start":{"line":31,"column":2},"end":{"line":49,"column":48}},"21":{"start":{"line":34,"column":6},"end":{"line":34,"column":59}},"22":{"start":{"line":36,"column":6},"end":{"line":36,"column":73}},"23":{"start":{"line":37,"column":6},"end":{"line":37,"column":72}},"24":{"start":{"line":38,"column":6},"end":{"line":38,"column":78}},"25":{"start":{"line":40,"column":6},"end":{"line":42,"column":19}},"26":{"start":{"line":41,"column":8},"end":{"line":41,"column":28}},"27":{"start":{"line":44,"column":6},"end":{"line":44,"column":73}},"28":{"start":{"line":46,"column":6},"end":{"line":46,"column":33}},"29":{"start":{"line":51,"column":2},"end":{"line":51,"column":26}},"30":{"start":{"line":54,"column":0},"end":{"line":54,"column":22}}},"branchMap":{"1":{"line":29,"type":"cond-expr","locations":[{"start":{"line":29,"column":25},"end":{"line":29,"column":47}},{"start":{"line":29,"column":50},"end":{"line":29,"column":102}}]}},"code":["'use strict';","","var q = require('q');","var _ = require('lodash');","","function getRepoSuccess(deferred, url) {","  var module = this;","","  this.options.repo_url = url;","  this.message('remote', this.options.repo_url);","","  this.getProviderLinks();","  this.getGitLogCommands();","  deferred.resolve();","}","","function getRepoFailure(deferred, err) {","  this.message('not remote');","  deferred.reject(err);","}","","function init(params, loadRC) {","  this.log('debug', 'Initializing changelog options');","  var module = this;","","  var deferred = q.defer();","","  this.initOptions(params);","  var promise = loadRC ? this.loadChangelogRc() : new Promise(function (resolve) { resolve(params); });","","  promise","    .then(function(options) {","","      module.options = _.defaults(options, module.options);","","      module.log('info', '  - The APP name is', module.options.app_name);","      module.log('info', '  - The output file is', module.options.file);","      module.log('info', '  - The template file is', module.options.template);","","      module.options.grep_commits = module.options.sections.map(function(section) {","        return section.grep;","      }).join('|');","","      module.log('debug', 'Grep commits: ', module.options.grep_commits);","    ","      return module.getRepoUrl();","    })","    .then(getRepoSuccess.bind(this, deferred))","    .catch(getRepoFailure.bind(this, deferred));","","  return deferred.promise;","}","","module.exports = init;",""],"l":{"3":1,"4":1,"6":1,"7":1,"9":1,"10":1,"12":1,"13":1,"14":1,"17":1,"18":0,"19":0,"22":1,"23":1,"24":1,"26":1,"28":1,"29":1,"31":1,"34":1,"36":1,"37":1,"38":1,"40":1,"41":8,"44":1,"46":1,"51":1,"54":1}},"/home/travis/build/npmtest/node-npmtest-git-changelog/node_modules/git-changelog/tasks/lib/init-options.js":{"path":"/home/travis/build/npmtest/node-npmtest-git-changelog/node_modules/git-changelog/tasks/lib/init-options.js","s":{"1":1,"2":1,"3":1,"4":1,"5":1,"6":1,"7":1,"8":1,"9":1,"10":1,"11":1,"12":1,"13":1,"14":1,"15":1,"16":1,"17":1,"18":1},"b":{},"f":{"1":1},"fnMap":{"1":{"name":"initOptions","line":8,"loc":{"start":{"line":8,"column":0},"end":{"line":8,"column":29}}}},"statementMap":{"1":{"start":{"line":3,"column":0},"end":{"line":3,"column":54}},"2":{"start":{"line":4,"column":0},"end":{"line":4,"column":26}},"3":{"start":{"line":6,"column":0},"end":{"line":6,"column":38}},"4":{"start":{"line":8,"column":0},"end":{"line":24,"column":1}},"5":{"start":{"line":9,"column":2},"end":{"line":9,"column":32}},"6":{"start":{"line":10,"column":2},"end":{"line":10,"column":21}},"7":{"start":{"line":12,"column":2},"end":{"line":12,"column":46}},"8":{"start":{"line":14,"column":2},"end":{"line":14,"column":24}},"9":{"start":{"line":15,"column":2},"end":{"line":15,"column":46}},"10":{"start":{"line":16,"column":2},"end":{"line":16,"column":44}},"11":{"start":{"line":17,"column":2},"end":{"line":17,"column":42}},"12":{"start":{"line":18,"column":2},"end":{"line":18,"column":50}},"13":{"start":{"line":19,"column":2},"end":{"line":19,"column":42}},"14":{"start":{"line":20,"column":2},"end":{"line":20,"column":50}},"15":{"start":{"line":21,"column":2},"end":{"line":21,"column":44}},"16":{"start":{"line":22,"column":2},"end":{"line":22,"column":58}},"17":{"start":{"line":23,"column":2},"end":{"line":23,"column":56}},"18":{"start":{"line":26,"column":0},"end":{"line":26,"column":29}}},"branchMap":{},"code":["'use strict';","","var debug = require('debug')('changelog:initOptions');","var _ = require('lodash');","","var defaults = require('../defaults');","","function initOptions(params) {","  debug('initializing options');","  this.setDefaults();","","  this.options = _.defaults(params, defaults);","","  this.options.msg = '';","  this.message('name', this.options.app_name);","  this.message('intro', this.options.intro);","  this.message('file', this.options.file);","  this.message('template', this.options.template);","  this.message('logo', this.options.logo);","  this.message('sections', this.options.sections);","  this.message('debug', this.options.debug);","  this.message('version_name', this.options.version_name);","  this.message('changelogrc', this.options.changelogrc);","}","","module.exports = initOptions;",""],"l":{"3":1,"4":1,"6":1,"8":1,"9":1,"10":1,"12":1,"14":1,"15":1,"16":1,"17":1,"18":1,"19":1,"20":1,"21":1,"22":1,"23":1,"26":1}},"/home/travis/build/npmtest/node-npmtest-git-changelog/node_modules/git-changelog/tasks/defaults.js":{"path":"/home/travis/build/npmtest/node-npmtest-git-changelog/node_modules/git-changelog/tasks/defaults.js","s":{"1":1},"b":{},"f":{},"fnMap":{},"statementMap":{"1":{"start":{"line":2,"column":0},"end":{"line":51,"column":2}}},"branchMap":{},"code":["//Defaults options","module.exports = {","  branch : '',","  //[G]ithub [B]itbucket supported at the momment","  repo_url: '',","  provider: null,","  version_name : '',","  file: 'CHANGELOG.md',","  app_name : 'My app - Changelog',","  tag: null,","  logo : null,","  intro : null,","  debug: false,","  template: 'templates/template.md',","  changelogrc : '.changelogrc',","  sections: [","    {","      title: 'Bug Fixes',","      grep: '^fix'","    },","    {","      title: 'Features',","      grep: '^feat'","    },","    {","      title: 'Documentation',","      grep: '^docs'","    },","    {","      title: 'Breaking changes',","      grep: 'BREAKING'","    },","    {","      title: 'Refactor',","      grep: '^refactor'","    },","    {","      title: 'Style',","      grep: '^style'","    },","    {","      
[...]
);","var format = require('util').format;","var _ = require('lodash');","","function grepSection(sections, commit){","  //TODO: MONKEY METHOD, please use the regexp greps","","  var keys = Object.keys(sections);","","  for (var i = 0; i < keys.length; i++){","    if(commit.subject.indexOf(keys[i]) === 0){","      return sections[keys[i]];","    }","  }","","  return null;","}","","function organizeCommit(sections, commit) {","  var section = commit.type ? sections[commit.type] : grepSection(sections, commit) ;","  ","  var component = commit.component ? commit.component.toLowerCase() : this.emptyComponent;","","  if (section) {","    section.commitsCount++;","    ","    if(component === this.emptyComponent){","      section.commits.push(commit);","    }else{","      section.components[component] = section.components[component] || [];","      section.components[component].push(commit);  ","    }","  }","","  if (commit.breaking) {","    //Add it to the breaking list))","    sections.BREAKING.commitsCount++;","    var breakingCommit = {","      subject: format(\"due to %s,\\n %s\", this.linkToCommit(commit.hash), commit.breaking),","      hash: commit.hash,","      closes: []","    };","","    if(component === this.emptyComponent){","      sections.BREAKING.commits.push(breakingCommit);","    }else{","      sections.BREAKING.components[component] = sections.BREAKING.components[component] || [];","      sections.BREAKING.components[component].push(breakingCommit);  ","    }","  }","}","","function organizeCommits(commits, defaultSections) {","  commits = commits ? commits : [];","","  var sections = {","    BREAKING : {","      components: {},","      commitsCount: 0,","      title: 'Breaking Changes',","      commits: [],","      type: 'BREAKING',","      printCommitLinks: false","    }","  };","","  defaultSections.forEach(function(sectionInfo){","    var sectionType = sectionInfo.grep.replace('^', '');","    ","    sections[sectionType] = {","      title: sectionInfo.title,","      components: {},","      commits: [],","      commitsCount: 0,","      type: sectionType,","      printCommitLinks: sectionInfo.printCommitLinks === false ? false : true","    };","  });","","  debug('organizaing commits');","","  commits.forEach(organizeCommit.bind(this, sections), this);","","  return _.compact(Object.keys(sections).map(function(key){","    var section = sections[key];","    ","    section.components = Object.keys(section.components).sort().map(function(key){","      return { name: key, ","        commits: section.components[key]","      };","    });","","    return section.commitsCount > 0 ? section : null;","  }));","}","","module.exports = organizeCommits;",""],"l":{"3":1,"4":1,"5":1,"7":1,"10":0,"12":0,"13":0,"14":0,"18":0,"21":1,"22":0,"24":0,"26":0,"27":0,"29":0,"30":0,"32":0,"33":0,"37":0,"39":0,"40":0,"46":0,"47":0,"49":0,"50":0,"55":1,"56":1,"58":1,"69":1,"70":8,"72":8,"82":1,"84":1,"86":1,"87":8,"89":8,"90":0,"95":8,"99":1}},"/home/travis/build/npmtest/node-npmtest-git-changelog/node_modules/git-changelog/tasks/lib/get-previous-tag.js":{"path":"/home/travis/build/npmtest/node-npmtest-git-changelog/node_modules/git-changelog/tasks/lib/get-previous-tag.js","s":{"1":1,"2":1,"3":1,"4":1,"5":1,"6":0,"7":1,"8":1,"9":1,"10":1,"11":1,"12":0,"13":1,"14":0,"15":1,"16":1,"17":1,"18":1},"b":{"1":[0,1],"2":[0,1],"3":[0,1]},"f":{"1":1,"2":1,"3":1},"fnMap":{"1":{"name":"cmdDone","line":6,"loc":{"start":{"line":6,"column":0},"end":{"line":6,"column":56}}},"2":{"name":"getPreviousTag","line":17,"loc":{"start":{"line":17,"column":0},"end":{"line":17,"column":26}}},"3":{"name":"(anonymous_3)","line":20,"loc":{"start":{"line":20,"column":21},"end":{"line":20,"column":46}}}},"statementMap":{"1":{"start":{"line":3,"column":0},"end":{"line":3,"column":57}},"2":{"start":{"line":4,"column":0},"end":{"line":4,"column":37}},"3":{"start":{"line":6,"column":0},"end":{"line":15,"column":1}},"4":{"start":{"line":7,"column":2},"end":{"line":7,"column":34}},"5":{"start":{"line":10,"column":2},"end":{"line":14,"column":3}},"6":{"start":{"line":11,"column":4},"end":{"line":11,"column":13}},"7":{"start":{"line":13,"column":4},"end":{"line":13,"column":38}},"8":{"start":{"line":17,"column":0},"end":{"line":32,"column":1}},"9":{"start":{"line":18,"column":2},"end":{"line":18,"column":20}},"10":{"start":{"line":20,"column":2},"end":{"line":31,"column":5}},"11":{"start":{"line":21,"column":4},"end":{"line":30,"column":5}},"12":{"start":{"line":22,"column":6},"end":{"line":22,"column":34}},"13":{"start":{"line":23,"column":11},"end":{"line":30,"column":5}},"14":{"start":{"line":24,"column":6},"end":{"line":24,"column":21}},"15":{"start":{"line":26,"column":6},"end":{"line":26,"column":46}},"16":{"start":{"line":28,"column":6},"end":{"line":28,"column":39}},"17":{"start":{"line":29,"column":6},"end":{"line":29,"column":73}},"18":{"start":{"line":34,"column":0},"end":{"line":34,"column":32}}},"branchMap":{"1":{"line":10,"type":"if","locations":[{"start":{"line":10,"column":2},"end":{"line":10,"column":2}},{"start":{"line":10,"column":2},"end":{"line":10,"column":2}}]},"2":{"line":21,"type":"if","locations":[{"start":{"line":21,"column":4},"end":{"line":21,"column":4}},{"start":{"line":21,"column":4},"end":{"line":21,"column":4}}]},"3":{"line":23,"type":"if","locations":[{"start":{"line":23,"column":11},"end":{"line":23,"column":11}},{"start":{"line":23,"column":11},"end":{"line":23,"column":11}}]}},"code":["'use strict';","","var debug = require('debug')('changelog:getPreviousTag');","var child = require('child_process');","","function cmdDone(resolve, reject, code, stdout, stderr) {","  debug('returning from git tag');","  //I think this command it's actually not working and always return empty","  // Consider trying git describe --abbrev=0 --tags","  if (code) {","    reject();","  } else {","    resolve(stdout.replace('\\n', ''));","  }","}","","function getPreviousTag() {","  var module = this;","","  return new Promise(function(resolve, reject){","    if (module.options.tag) {","      resolve(module.options.tag);","    } else if (module.options.tag === false) {","      resolve(false);","    } else {","      module.log('debug', 'Getting last tag');","      //IF we dont find a previous tag, we get all the commits from the beggining - The bigbang of the code","      debug('calling git tag command');","      child.exec(module.cmd.gitTag, cmdDone.bind(null, resolve, reject));","    }  ","  });","}","","module.exports = getPreviousTag;",""],"l":{"3":1,"4":1,"6":1,"7":1,"10":1,"11":0,"13":1,"17":1,"18":1,"20":1,"21":1,"22":0,"23":1,"24":0,"26":1,"28":1,"29":1,"34":1}},"/home/travis/build/npmtest/node-npmtest-git-changelog/node_modules/git-changelog/tasks/lib/get-repo-url.js":{"path":"/home/travis/build/npmtest/node-npmtest-git-changelog/node_modules/git-changelog/tasks/lib/get-repo-url.js","s":{"1":1,"2":1,"3":1,"4":1,"5":1,"6":1,"7":0,"8":1,"9":1,"10":1,"11":1,"12":1,"13":1,"14":0,"15":1,"16":1,"17":1,"18":1},"b":{"1":[0,1],"2":[0,1]},"f":{"1":1,"2":1},"fnMap":{"1":{"name":"cmdDone","line":7,"loc":{"start":{"line":7,"column":0},"end":{"line":7,"column":49}}},"2":{"name":"getRepoUrl","line":17,"loc":{"start":{"line":17,"column":0},"end":{"line":17,"column":22}}}},"statementMap":{"1":{"start":{"line":3,"column":0},"end":{"line":3,"column":53}},"2":{"start":{"line":4,"column":0},"end":{"line":4,"column":37}},"3":{"start":{"line":5,"column":0},"end":{"line":5,"column":21}},"4":{"start":{"line":7,"column":0},"end":{"line":15,"column":1}},"5":{"start":{"line":8,"column":2},"end":{"line":8,"column":42}},"6":{"start":{"line":9,"column":2},"end":{"line":14,"column":3}},"7":{"start":{"line":10,"column":4},"end":{"line":10,"column":105}},"8":{"start":{"line":12,"column":4},"end":{"line":12,"column":58}},"9":{"start":{"line":13,"column":4},"end":{"line":13,"column":29}},"10":{"start":{"line":17,"column":0},"end":{"line":30,"column":1}},"11":{"start":{"line":18,"column":2},"end":{"line":18,"column":28}},"12":{"start":{"line":19,"column":2},"end":{"line":19,"column":27}},"13":{"start":{"line":21,"column":2},"end":{"line":27,"column":3}},"14":{"start":{"line":22,"column":4},"end":{"line":22,"column":44}},"15":{"start":{"line":25,"column":4},"end":{"line":25,"column":42}},"16":{"start":{"line":26,"column":4},"end":{"line":26,"column":66}},"17":{"start":{"line":29,"column":2},"end":{"line":29,"column":26}},"18":{"start":{"line":32,"column":0},"end":{"line":32,"column":28}}},"branchMap":{"1":{"line":9,"type":"if","locations":[{"start":{"line":9,"column":2},"end":{"line":9,"column":2}},{"start":{"line":9,"column":2},"end":{"line":9,"column":2}}]},"2":{"line":21,"type":"if","locations":[{"start":{"line":21,"column":2},"end":{"line":21,"column":2}},{"start":{"line":21,"column":2},"end":{"line":21,"column":2}}]}},"code":["'use strict';","","var debug = require('debug')('changelog:getRepoUrl');","var child = require('child_process');","var q = require('q');","","function cmdDone(deferred, code, stdout, stderr) {","  debug('returning git repo url command');","  if (code) {","    deferred.reject(\"Sorry, you've not configured an origin remote or passed a `repo_url` config value\");","  } else {","    stdout = stdout.replace('\\n', '').replace('.git', '');","    deferred.resolve(stdout);","  }","}","","function getRepoUrl() {","  debug('getting repo url');","  var deferred = q.defer();","","  if (this.options.repo_url) {","    deferred.resolve(this.options.repo_url);","  } else {","    //IF we dont find a previous tag, we get all the commits from the beginning - The bigbang of the code","    debug('calling git repo url command');","    child.exec(this.cmd.gitRepoUrl, cmdDone.bind(null, deferred));","  }","","  return deferred.promise;","}","","module.exports = getRepoUrl;",""],"l":{"3":1,"4":1,"5":1,"7":1,"8":1,"9":1,"10":0,"12":1,"13":1,"17":1,"18":1,"19":1,"21":1,"22":0,"25":1,"26":1,"29":1,"32":1}},"/home/travis/build/npmtest/node-npmtest-git-changelog/node_modules/git-changelog/tasks/lib/generate.js":{"path":"/home/travis/build/npmtest/node-npmtest-git-changelog/node_modules/git-changelog/tasks/lib/generate.js","s":{"1":1,"2":1,"3":1,"4":1,"5":1,"6":1,"7":1,"8":1,"9":1,"10":0,"11":0,"12":0,"13":1,"14":1,"15":1,"16":1,"17":1,"18":1,"19":1,"20":1,"21":1,"22":0,"23":0,"24":1},"b":{"1":[1,0],"2":[0,1],"3":[1,1,0]},"f":{"1":1,"2":1,"3":1,"4":1,"5":0},"fnMap":{"1":{"name":"generateFromCommits","line":5,"loc":{"start":{"line":5,"column":0},"end":{"line":5,"column":48}}},"2":{"name":"generateFromTag","line":13,"loc":{"start":{"line":13,"column":0},"end":{"line":13,"column":30}}},"3":{"name":"generate","line":31,"loc":{"start":{"line":31,"column":0},"end":{"line":31,"column":34}}},"4":{"name":"(anonymous_4)","line":38,"loc":{"start":{"line":38,"column":10},"end":{"line":38,"column":20}}},"5":{"name":"(anonymous_5)","line":41,"loc":{"start":{"line":41,"column":11},"end":{"line":41,"column":24}}}},"statementMap":{"1":{"start":{"line":3,"column":0},"end":{"line":3,"column":51}},"2":{"start":{"line":5,"column":0},"end":{"line":11,"column":1}},"3":{"start":{"line":6,"column":2},"end":{"line":6,"column":49}},"4":{"start":{"line":7,"column":2},"end":{"line":7,"column":57}},"5":{"start":{"line":8,"column":2},"end":{"line":8,"column":113}},"6":{"start":{"line":10,"column":2},"end":{"line":10,"column":48}},"7":{"start":{"line":13,"column":0},"end":{"line":29,"column":1}},"8":{"start":{"line":14,"column":2},"end":{"line":14,"column":17}},"9":{"start":{"line":16,"column":2},"end":{"line":24,"column":3}},"10":{"start":{"line":17,"column":4},"end":{"line":17,"column":51}},"11":{"start":{"line":18,"column":4},"end":{"line":18,"column":35}},"12":{"start":{"line":19,"column":4},"end":{"line":19,"column":66}},"13":{"start":{"line":21,"column":4},"end":{"line":21,"column":60}},"14":{"start":{"line":22,"column":4},"end":{"line":22,"column":36}},"15":{"start":{"line":23,"column":4},"end":{"line":23,"column":66}},"16":{"start":{"line":26,"column":2},"end":{"line":28,"column":47}},"17":{"start":{"line":31,"column":0},"end":{"line":45,"column":1}},"18":{"start":{"line":32,"column":2},"end":{"line":32,"column":26}},"19":{"start":{"line":33,"column":2},"end":{"line":33,"column":18}},"20":{"start":{"line":35,"column":2},"end":{"line":44,"column":7}},"21":{"start":{"line":39,"column":6},"end":{"line":39,"column":26}},"22":{"start":{"line":42,"column":6},"end":{"line":42,"column":29}},"23":{"start":{"line":43,"column":6},"end":{"line":43,"column":17}},"24":{"start":{"line":47,"column":0},"end":{"line":47,"column":26}}},"branchMap":{"1":{"line":8,"type":"binary-expr","locations":[{"start":{"line":8,"column":45},"end":{"line":8,"column":62}},{"start":{"line":8,"column":66},"end":{"line":8,"column":74}}]},"2":{"line":16,"type":"if","locations":[{"start":{"line":16,"column":2},"end":{"line":16,"column":2}},{"start":{"line":16,"column":2},"end":{"line":16,"column":2}}]},"3":{"line":16,"type":"binary-expr","locations":[{"start":{"line":16,"column":6},"end":{"line":16,"column":33}},{"start":{"line":16,"column":37},"end":{"line":16,"column":40}},{"start":{"line":16,"column":44},"end":{"line":16,"column":57}}]}},"code":["'use strict';","","var debug = require('debug')('changelog:generate');","","function generateFromCommits(commits, sections) {","  this.message('parsed commits', commits.length);","  this.log('debug', 'Parsed', commits.length, 'commits');","  this.log('info','Generating changelog to', this.options.file || 'stdout', '(', this.options.version_name, ')');","","  return this.writeChangelog(commits, sections);","}","","function generateFromTag(tag) {","  var readGitLog;","  ","  if (typeof(tag) !== 'undefined' && tag && tag !== false) {","    this.log('info', 'Reading git log since', tag);","    this.message('since tag', tag);","    readGitLog = this.readGitLog.bind(this, this.cmd.gitLog, tag);","  } else {","    this.log('info', 'Reading git log since the beggining');","    this.message('since beggining');","    readGitLog = this.readGitLog.bind(this, this.cmd.gitLogNoTag);","  }","","  return readGitLog()","    .then(generateFromCommits.bind(this))","    .catch(console.log.bind(console, 'error'));","}","","function generate(params, loadRC) {","  debug('generating ...');","  var self = this;","","  return this.init(params, loadRC)","    .then(this.getPreviousTag.bind(this))","    .then(generateFromTag.bind(this))","    .then(function(){","      return self.options;","    })","    .catch(function(err){","      self.log('error', err);","      throw(err);","    });","}","","module.exports = generate;",""],"l":{"3":1,"5":1,"6":1,"7":1,"8":1,"10":1,"13":1,"14":1,"16":1,"17":0,"18":0,"19":0,"21":1,"22":1,"23":1,"26":1,"31":1,"32":1,"33":1,"35":1,"39":1,"42":0,"43":0,"47":1}},"/home/travis/build/npmtest/node-npmtest-git-changelog/node_modules/git-changelog/tasks/lib/log.js":{"path":"/home/travis/build/npmtest/node-npmtest-git-changelog/node_modules/git-changelog/tasks/lib/log.js","s":{"1":1,"2":1,"3":1,"4":18,"5":18,"6":1,"7":18,"8":18,"9":18,"10":18,"11":18,"12":18,"13":11,"14":1},"b":{"1":[18,0],"2":[18,0],"3":[11,7],"4":[18,18,18,11,8]},"f":{"1":18,"2":18},"fnMap":{"1":{"name":"getColor","line":5,"loc":{"start":{"line":5,"column":0},"end":{"line":5,"column":23}}},"2":{"name":"log","line":17,"loc":{"start":{"line":17,"column":0},"end":{"line":17,"column":15}}}},"statementMap":{"1":{"start":{"line":2,"column":0},"end":{"line":2,"column":31}},"2":{"start":{"line":3,"column":0},"end":{"line":3,"column":46}},"3":{"start":{"line":5,"column":0},"end":{"line":15,"column":1}},"4":{"start":{"line":6,"column":2},"end":{"line":12,"column":4}},"5":{"start":{"line":14,"column":2},"end":{"line":14,"column":26}},"6":{"start":{"line":17,"column":0},"end":{"line":31,"column":1}},"7":{"start":{"line":19,"column":2},"end":{"line":19,"column":51}},"8":{"start":{"line":20,"column":2},"end":{"line":20,"column":49}},"9":{"start":{"line":22,"column":2},"end":{"line":24,"column":3}},"10":{"start":{"line":23,"column":4},"end":{"line":23,"column":22}},"11":{"start":{"line":26,"column":2},"end":{"line":26,"column":29}},"12":{"start":{"line":28,"column":2},"end":{"line":30,"column":3}},"13":{"start":{"line":29,"column":4},"end":{"line":29,"column":49}},"14":{"start":{"line":33,"column":0},"end":{"line":33,"column":21}}},"branchMap":{"1":{"line":20,"type":"cond-expr","locations":[{"start":{"line":20,"column":32},"end":{"line":20,"column":39}},{"start":{"line":20,"column":42},"end":{"line":20,"column":48}}]},"2":{"line":22,"type":"if","locations":[{"start":{"line":22,"column":2},"end":{"line":22,"column":2}},{"start":{"line":22,"column":2},"end":{"line":22,"column":2}}]},"3":{"line":28,"type":"if","locations":[{"start":{"line":28,"column":2},"end":{"line":28,"column":2}},{"start":{"line":28,"column":2},"end":{"line":28,"column":2}}]},"4":{"line":28,"type":"binary-expr","locations":[{"start":{"line":28,"column":7},"end":{"line":28,"column":19}},{"start":{"line":28,"column":23},"end":{"line":28,"column":41}},{"start":{"line":28,"column":46},"end":{"line":28,"column":61}},{"start":{"line":28,"column":65},"end":{"line":28,"column":81}},{"start":{"line":28,"column":85},"end":{"line":28,"column":103}}]}},"code":["'use strict';","var colors = require('colors');","var debug = require('debug')('changelog:log');","","function getColor(type){","  var colorList = {","    'info' : 'blue',","    'success' : 'green',","    'error' : 'red',","    'debug' : 'cyan',","    'warn' : 'yellow'","  };","","  return colorList[type] ;","}","","function log() {","","  var args = Array.prototype.slice.call(arguments);","  var type = args.length >= 2 ? args[0] : 'info';","  ","  if(args.length >= 2){","    args.splice(0, 1);","  }","","  var color = getColor(type);","","  if( (this.options && this.options.debug) || type === 'info' || type === 'error' || type === 'success'){","    console.log(colors[color].apply(null, args));","  }","}","","module.exports = log;"],"l":{"2":1,"3":1,"5":1,"6":18,"14":18,"17":1,"19":18,"20":18,"22":18,"23":18,"26":18,"28":18,"29":11,"33":1}},"/home/travis/build/npmtest/node-npmtest-git-changelog/node_modules/git-changelog/tasks/git_changelog.js":{"path":"/home/travis/build/npmtest/node-npmtest-git-changelog/node_modules/git-changelog/tasks/git_changelog.js","s":{"1":1,"2":0,"3":0,"4":0,"5":0,"6":0,"7":0,"8":0},"b":{},"f":{"1":0,"2":0,"3":0},"fnMap":{"1":{"name":"(anonymous_1)","line":11,"loc":{"start":{"line":11,"column":17},"end":{"line":11,"column":33}}},"2":{"name":"(anonymous_2)","line":18,"loc":{"start":{"line":18,"column":67},"end":{"line":18,"column":78}}},"3":{"name":"(anonymous_3)","line":24,"loc":{"start":{"line":24,"column":41},"end":{"line":24,"column":51}}}},"statementMap":{"1":{"start":{"line":11,"column":0},"end":{"line":30,"column":2}},"2":{"start":{"line":14,"column":2},"end":{"line":14,"column":58}},"3":{"start":{"line":16,"column":2},"end":{"line":16,"column":39}},"4":{"start":{"line":18,"column":2},"end":{"line":28,"column":5}},"5":{"start":{"line":20,"column":4},"end":{"line":20,"column":28}},"6":{"start":{"line":22,"column":4},"end":{"line":22,"column":41}},"7":{"start":{"line":24,"column":4},"end":{"line":26,"column":7}},"8":{"start":{"line":25,"column":6},"end":{"line":25,"column":13}}},"branchMap":{},"code":["/*"," * git-changelog"," * https://github.com/rafinskipg/git-changelog"," *"," * Copyright (c) 2013 rafinskipg"," * Licensed under the MIT license."," */","","'use strict';","","module.exports = function(grunt) {","  ","  //Separated Logic in other file ","  var git_changelog = require('./git_changelog_generate');","","  var defaults = require('./defaults');","","  grunt.registerMultiTask('git_changelog', 'A git changelog tool', function() {","","    var done = this.async();","    // Options object ","    var options = this.options(defaults);","","    git_changelog.generate(options).then(function(){","      done();","    });","","  });","","};",""],"l":{"11":1,"14":0,"16":0,"18":0,"20":0,"22":0,"24":0,"25":0}}}